#
# There is insufficient memory for the Java Runtime Environment to continue.
# Native memory allocation (malloc) failed to allocate 236816 bytes. Error detail: Chunk::new
# Possible reasons:
#   The system is out of physical RAM or swap space
#   This process is running with CompressedOops enabled, and the Java Heap may be blocking the growth of the native heap
# Possible solutions:
#   Reduce memory load on the system
#   Increase physical memory or swap space
#   Check if swap backing store is full
#   Decrease Java heap size (-Xmx/-Xms)
#   Decrease number of Java threads
#   Decrease Java thread stack sizes (-Xss)
#   Set larger code cache with -XX:ReservedCodeCacheSize=
#   JVM is running with Unscaled Compressed Oops mode in which the Java heap is
#     placed in the first 4GB address space. The Java Heap base address is the
#     maximum limit for the native heap growth. Please use -XX:HeapBaseMinAddress
#     to set the Java Heap base and to place the Java Heap above 4GB virtual address.
# This output file may be truncated or incomplete.
#
#  Out of Memory Error (arena.cpp:168), pid=19536, tid=5836
#
# JRE version: OpenJDK Runtime Environment Temurin-21.0.10+7 (21.0.10+7) (build 21.0.10+7-LTS)
# Java VM: OpenJDK 64-Bit Server VM Temurin-21.0.10+7 (21.0.10+7-LTS, mixed mode, sharing, tiered, compressed oops, compressed class ptrs, parallel gc, windows-amd64)
# No core dump will be written. Minidumps are not enabled by default on client versions of Windows
#

---------------  S U M M A R Y ------------

Command Line: --add-modules=ALL-SYSTEM --add-opens=java.base/java.util=ALL-UNNAMED --add-opens=java.base/java.lang=ALL-UNNAMED --add-opens=java.base/sun.nio.fs=ALL-UNNAMED -Declipse.application=org.eclipse.jdt.ls.core.id1 -Dosgi.bundles.defaultStartLevel=4 -Declipse.product=org.eclipse.jdt.ls.core.product -Djava.import.generatesMetadataFilesAtProjectRoot=false -DDetectVMInstallationsJob.disabled=true -Dfile.encoding=utf8 -XX:+UseParallelGC -XX:GCTimeRatio=4 -XX:AdaptiveSizePolicyWeight=90 -Dsun.zip.disableMemoryMapping=true -Xmx2G -Xms100m -Xlog:disable -javaagent:c:\Users\Asus\.vscode\extensions\redhat.java-1.53.0-win32-x64\lombok\lombok-1.18.39-4050.jar -XX:+HeapDumpOnOutOfMemoryError -XX:HeapDumpPath=c:\Users\Asus\AppData\Roaming\Code\User\workspaceStorage\63c021b6368e97f41da5c09954acc518\redhat.java -Daether.dependencyCollector.impl=bf c:\Users\Asus\.vscode\extensions\redhat.java-1.53.0-win32-x64\server\plugins\org.eclipse.equinox.launcher_1.7.100.v20251111-0406.jar -configuration c:\Users\Asus\AppData\Roaming\Code\User\globalStorage\redhat.java\1.53.0\config_win -data c:\Users\Asus\AppData\Roaming\Code\User\workspaceStorage\63c021b6368e97f41da5c09954acc518\redhat.java\jdt_ws --pipe=\\.\pipe\lsp-0854e9156478c5d89b8494cdb5788de3-sock

Host: 11th Gen Intel(R) Core(TM) i3-1115G4 @ 3.00GHz, 4 cores, 7G,  Windows 11 , 64 bit Build 26100 (10.0.26100.7019)
Time: Sat Mar 14 07:01:15 2026 SE Asia Standard Time elapsed time: 3.856796 seconds (0d 0h 0m 3s)

---------------  T H R E A D  ---------------

Current thread (0x0000026ce14d6e90):  JavaThread "C2 CompilerThread1" daemon [_thread_in_native, id=5836, stack(0x000000f988600000,0x000000f988700000) (1024K)]


Current CompileTask:
C2:3856 1708   !   4       java.lang.String::<init> (880 bytes)

Stack: [0x000000f988600000,0x000000f988700000]
Native frames: (J=compiled Java code, j=interpreted, Vv=VM code, C=native code)
V  [jvm.dll+0x6d7a39]
V  [jvm.dll+0x8b4b26]
V  [jvm.dll+0x8b70de]
V  [jvm.dll+0x8b77c3]
V  [jvm.dll+0x284346]
V  [jvm.dll+0xc66ed]
V  [jvm.dll+0xc6c31]
V  [jvm.dll+0x3bec01]
V  [jvm.dll+0x38b162]
V  [jvm.dll+0x38a5aa]
V  [jvm.dll+0x24c560]
V  [jvm.dll+0x24bb40]
V  [jvm.dll+0x1cb34e]
V  [jvm.dll+0x25b85d]
V  [jvm.dll+0x259dea]
V  [jvm.dll+0x3f857e]
V  [jvm.dll+0x85f59d]
V  [jvm.dll+0x6d626d]
C  [ucrtbase.dll+0x37b0]
C  [KERNEL32.DLL+0x2e8d7]
C  [ntdll.dll+0x8c53c]


---------------  P R O C E S S  ---------------

Threads class SMR info:
_java_thread_list=0x0000026ce193ceb0, length=13, elements={
0x0000026c88b6c8d0, 0x0000026c88a59db0, 0x0000026c88a5c300, 0x0000026c88a5ead0,
0x0000026c88a5f730, 0x0000026c88a642b0, 0x0000026c88a64d10, 0x0000026c88a65b50,
0x0000026c88adde60, 0x0000026ce1206f10, 0x0000026ce13983d0, 0x0000026ce14d6e90,
0x0000026ce6004e60
}

Java Threads: ( => current thread )
  0x0000026c88b6c8d0 JavaThread "main"                              [_thread_in_vm, id=11524, stack(0x000000f987700000,0x000000f987800000) (1024K)]
  0x0000026c88a59db0 JavaThread "Reference Handler"          daemon [_thread_blocked, id=9536, stack(0x000000f987c00000,0x000000f987d00000) (1024K)]
  0x0000026c88a5c300 JavaThread "Finalizer"                  daemon [_thread_blocked, id=10720, stack(0x000000f987d00000,0x000000f987e00000) (1024K)]
  0x0000026c88a5ead0 JavaThread "Signal Dispatcher"          daemon [_thread_blocked, id=19532, stack(0x000000f987e00000,0x000000f987f00000) (1024K)]
  0x0000026c88a5f730 JavaThread "Attach Listener"            daemon [_thread_blocked, id=18424, stack(0x000000f987f00000,0x000000f988000000) (1024K)]
  0x0000026c88a642b0 JavaThread "Service Thread"             daemon [_thread_blocked, id=4664, stack(0x000000f988000000,0x000000f988100000) (1024K)]
  0x0000026c88a64d10 JavaThread "Monitor Deflation Thread"   daemon [_thread_blocked, id=20032, stack(0x000000f988100000,0x000000f988200000) (1024K)]
  0x0000026c88a65b50 JavaThread "C2 CompilerThread0"         daemon [_thread_blocked, id=18988, stack(0x000000f988200000,0x000000f988300000) (1024K)]
  0x0000026c88adde60 JavaThread "C1 CompilerThread0"         daemon [_thread_blocked, id=6336, stack(0x000000f988300000,0x000000f988400000) (1024K)]
  0x0000026ce1206f10 JavaThread "Common-Cleaner"             daemon [_thread_blocked, id=2900, stack(0x000000f988400000,0x000000f988500000) (1024K)]
  0x0000026ce13983d0 JavaThread "Notification Thread"        daemon [_thread_blocked, id=14152, stack(0x000000f988500000,0x000000f988600000) (1024K)]
=>0x0000026ce14d6e90 JavaThread "C2 CompilerThread1"         daemon [_thread_in_native, id=5836, stack(0x000000f988600000,0x000000f988700000) (1024K)]
  0x0000026ce6004e60 JavaThread "Active Thread: Equinox Container: 7f9fdcf3-062f-49a7-982f-0f63c1a2a8a7"        [_thread_blocked, id=16140, stack(0x000000f988a00000,0x000000f988b00000) (1024K)]
Total: 13

Other Threads:
  0x0000026c88c2af90 VMThread "VM Thread"                           [id=14424, stack(0x000000f987b00000,0x000000f987c00000) (1024K)]
  0x0000026c88bd72a0 WatcherThread "VM Periodic Task Thread"        [id=15260, stack(0x000000f987a00000,0x000000f987b00000) (1024K)]
  0x0000026c88b8ae50 WorkerThread "GC Thread#0"                     [id=11776, stack(0x000000f987900000,0x000000f987a00000) (1024K)]
  0x0000026ce14351c0 WorkerThread "GC Thread#1"                     [id=2560, stack(0x000000f988700000,0x000000f988800000) (1024K)]
  0x0000026ce1438de0 WorkerThread "GC Thread#2"                     [id=21184, stack(0x000000f988800000,0x000000f988900000) (1024K)]
  0x0000026ce1435570 WorkerThread "GC Thread#3"                     [id=6800, stack(0x000000f988900000,0x000000f988a00000) (1024K)]
Total: 6

Threads with active compile tasks:
C2 CompilerThread1  3883 1708   !   4       java.lang.String::<init> (880 bytes)
Total: 1

VM state: not at safepoint (normal execution)

VM Mutex/Monitor currently owned by a thread: None

Heap address: 0x0000000080000000, size: 2048 MB, Compressed Oops mode: 32-bit

CDS archive(s) mapped at: [0x0000026ca0000000-0x0000026ca0ba0000-0x0000026ca0ba0000), size 12189696, SharedBaseAddress: 0x0000026ca0000000, ArchiveRelocationMode: 1.
Compressed class space mapped at: 0x0000026ca1000000-0x0000026ce1000000, reserved size: 1073741824
Narrow klass base: 0x0000026ca0000000, Narrow klass shift: 0, Narrow klass range: 0x100000000

GC Precious Log:
 CardTable entry size: 512
 CPUs: 4 total, 4 available
 Memory: 7886M
 Large Page Support: Disabled
 NUMA Support: Disabled
 Compressed Oops: Enabled (32-bit)
 Alignments: Space 512K, Generation 512K, Heap 2M
 Heap Min Capacity: 100M
 Heap Initial Capacity: 100M
 Heap Max Capacity: 2G
 Pre-touch: Disabled
 Parallel Workers: 4

Heap:
 PSYoungGen      total 29696K, used 26431K [0x00000000d5580000, 0x00000000d7680000, 0x0000000100000000)
  eden space 25600K, 90% used [0x00000000d5580000,0x00000000d6c16028,0x00000000d6e80000)
  from space 4096K, 80% used [0x00000000d6e80000,0x00000000d71b9e98,0x00000000d7280000)
  to   space 4096K, 0% used [0x00000000d7280000,0x00000000d7280000,0x00000000d7680000)
 ParOldGen       total 68608K, used 8K [0x0000000080000000, 0x0000000084300000, 0x00000000d5580000)
  object space 68608K, 0% used [0x0000000080000000,0x0000000080002000,0x0000000084300000)
 Metaspace       used 7734K, committed 8064K, reserved 1114112K
  class space    used 805K, committed 960K, reserved 1048576K

Card table byte_map: [0x0000026c88510000,0x0000026c88920000] _byte_map_base: 0x0000026c88110000

Marking Bits: (ParMarkBitMap*) 0x00007ff8ad2d3450
 Begin Bits: [0x0000026c9b020000, 0x0000026c9d020000)
 End Bits:   [0x0000026c9d020000, 0x0000026c9f020000)

Polling page: 0x0000026c869b0000

Metaspace:

Usage:
  Non-class:      6.77 MB used.
      Class:    805.32 KB used.
       Both:      7.55 MB used.

Virtual space:
  Non-class space:       64.00 MB reserved,       6.94 MB ( 11%) committed,  1 nodes.
      Class space:        1.00 GB reserved,     960.00 KB ( <1%) committed,  1 nodes.
             Both:        1.06 GB reserved,       7.88 MB ( <1%) committed. 

Chunk freelists:
   Non-Class:  8.97 MB
       Class:  14.92 MB
        Both:  23.89 MB

MaxMetaspaceSize: unlimited
CompressedClassSpaceSize: 1.00 GB
Initial GC threshold: 21.00 MB
Current GC threshold: 21.00 MB
CDS: on
 - commit_granule_bytes: 65536.
 - commit_granule_words: 8192.
 - virtual_space_node_default_size: 8388608.
 - enlarge_chunks_in_place: 1.
 - use_allocation_guard: 0.


Internal statistics:

num_allocs_failed_limit: 0.
num_arena_births: 228.
num_arena_deaths: 0.
num_vsnodes_births: 2.
num_vsnodes_deaths: 0.
num_space_committed: 126.
num_space_uncommitted: 0.
num_chunks_returned_to_freelist: 0.
num_chunks_taken_from_freelist: 412.
num_chunk_merges: 0.
num_chunk_splits: 267.
num_chunks_enlarged: 173.
num_inconsistent_stats: 0.

CodeHeap 'non-profiled nmethods': size=120000Kb used=756Kb max_used=756Kb free=119243Kb
 bounds [0x0000026c93840000, 0x0000026c93ab0000, 0x0000026c9ad70000]
CodeHeap 'profiled nmethods': size=120000Kb used=3084Kb max_used=3084Kb free=116915Kb
 bounds [0x0000026c8bd70000, 0x0000026c8c080000, 0x0000026c932a0000]
CodeHeap 'non-nmethods': size=5760Kb used=1221Kb max_used=1239Kb free=4538Kb
 bounds [0x0000026c932a0000, 0x0000026c93510000, 0x0000026c93840000]
CodeCache: size=245760Kb, used=5061Kb, max_used=5079Kb, free=240696Kb
 total_blobs=2191, nmethods=1714, adapters=384, full_count=0
Compilation: enabled, stopped_count=0, restarted_count=0

Compilation events (20 events):
Event: 3.802 Thread 0x0000026c88adde60 nmethod 1699 0x0000026c8c066d10 code [0x0000026c8c066fe0, 0x0000026c8c067be8]
Event: 3.802 Thread 0x0000026c88adde60 1700       3       sun.security.provider.SHA2::implDigest (98 bytes)
Event: 3.803 Thread 0x0000026c88adde60 nmethod 1700 0x0000026c8c068090 code [0x0000026c8c0683a0, 0x0000026c8c0694e0]
Event: 3.809 Thread 0x0000026c88adde60 1701       1       org.eclipse.osgi.internal.serviceregistry.ServiceRegistrationImpl::getId (5 bytes)
Event: 3.809 Thread 0x0000026c88adde60 nmethod 1701 0x0000026c938fc690 code [0x0000026c938fc820, 0x0000026c938fc8e8]
Event: 3.812 Thread 0x0000026c88adde60 1702       1       org.eclipse.osgi.internal.serviceregistry.ServiceRegistrationImpl::getClasses (5 bytes)
Event: 3.812 Thread 0x0000026c88adde60 nmethod 1702 0x0000026c938fc990 code [0x0000026c938fcb20, 0x0000026c938fcbe8]
Event: 3.821 Thread 0x0000026c88adde60 1703       3       java.lang.ClassLoader::getParent (32 bytes)
Event: 3.821 Thread 0x0000026c88adde60 nmethod 1703 0x0000026c8c069b90 code [0x0000026c8c069d40, 0x0000026c8c069f98]
Event: 3.827 Thread 0x0000026c88adde60 1704       3       java.util.ArrayList::indexOf (11 bytes)
Event: 3.827 Thread 0x0000026c88adde60 nmethod 1704 0x0000026c8c06a090 code [0x0000026c8c06a240, 0x0000026c8c06a3a0]
Event: 3.830 Thread 0x0000026c88adde60 1705   !   3       sun.security.util.ManifestEntryVerifier::setEntry (298 bytes)
Event: 3.832 Thread 0x0000026c88adde60 nmethod 1705 0x0000026c8c06a490 code [0x0000026c8c06aa60, 0x0000026c8c06da60]
Event: 3.833 Thread 0x0000026c88adde60 1706       3       java.util.jar.JarFile::getManifest (5 bytes)
Event: 3.834 Thread 0x0000026c88adde60 nmethod 1706 0x0000026c8c06ec90 code [0x0000026c8c06ee40, 0x0000026c8c06ef78]
Event: 3.836 Thread 0x0000026c88adde60 1707       3       jdk.internal.loader.URLClassPath::getResource (74 bytes)
Event: 3.836 Thread 0x0000026c88adde60 nmethod 1707 0x0000026c8c06f010 code [0x0000026c8c06f1e0, 0x0000026c8c06f538]
Event: 3.836 Thread 0x0000026ce14d6e90 1708   !   4       java.lang.String::<init> (880 bytes)
Event: 3.849 Thread 0x0000026c88adde60 1709       3       sun.security.util.ManifestDigester::findSection (181 bytes)
Event: 3.849 Thread 0x0000026c88adde60 nmethod 1709 0x0000026c8c06f690 code [0x0000026c8c06f860, 0x0000026c8c06fcc8]

GC Heap History (2 events):
Event: 2.368 GC heap before
{Heap before GC invocations=1 (full 0):
 PSYoungGen      total 29696K, used 25600K [0x00000000d5580000, 0x00000000d7680000, 0x0000000100000000)
  eden space 25600K, 100% used [0x00000000d5580000,0x00000000d6e80000,0x00000000d6e80000)
  from space 4096K, 0% used [0x00000000d7280000,0x00000000d7280000,0x00000000d7680000)
  to   space 4096K, 0% used [0x00000000d6e80000,0x00000000d6e80000,0x00000000d7280000)
 ParOldGen       total 68608K, used 0K [0x0000000080000000, 0x0000000084300000, 0x00000000d5580000)
  object space 68608K, 0% used [0x0000000080000000,0x0000000080000000,0x0000000084300000)
 Metaspace       used 4356K, committed 4608K, reserved 1114112K
  class space    used 474K, committed 576K, reserved 1048576K
}
Event: 2.375 GC heap after
{Heap after GC invocations=1 (full 0):
 PSYoungGen      total 29696K, used 3303K [0x00000000d5580000, 0x00000000d7680000, 0x0000000100000000)
  eden space 25600K, 0% used [0x00000000d5580000,0x00000000d5580000,0x00000000d6e80000)
  from space 4096K, 80% used [0x00000000d6e80000,0x00000000d71b9e98,0x00000000d7280000)
  to   space 4096K, 0% used [0x00000000d7280000,0x00000000d7280000,0x00000000d7680000)
 ParOldGen       total 68608K, used 8K [0x0000000080000000, 0x0000000084300000, 0x00000000d5580000)
  object space 68608K, 0% used [0x0000000080000000,0x0000000080002000,0x0000000084300000)
 Metaspace       used 4356K, committed 4608K, reserved 1114112K
  class space    used 474K, committed 576K, reserved 1048576K
}

Dll operation events (8 events):
Event: 0.042 Loaded shared library c:\Users\Asus\.vscode\extensions\redhat.java-1.53.0-win32-x64\jre\21.0.10-win32-x86_64\bin\java.dll
Event: 0.429 Loaded shared library c:\Users\Asus\.vscode\extensions\redhat.java-1.53.0-win32-x64\jre\21.0.10-win32-x86_64\bin\zip.dll
Event: 0.452 Loaded shared library C:\Users\Asus\.vscode\extensions\redhat.java-1.53.0-win32-x64\jre\21.0.10-win32-x86_64\bin\instrument.dll
Event: 0.459 Loaded shared library C:\Users\Asus\.vscode\extensions\redhat.java-1.53.0-win32-x64\jre\21.0.10-win32-x86_64\bin\net.dll
Event: 0.468 Loaded shared library C:\Users\Asus\.vscode\extensions\redhat.java-1.53.0-win32-x64\jre\21.0.10-win32-x86_64\bin\nio.dll
Event: 0.473 Loaded shared library C:\Users\Asus\.vscode\extensions\redhat.java-1.53.0-win32-x64\jre\21.0.10-win32-x86_64\bin\zip.dll
Event: 0.531 Loaded shared library C:\Users\Asus\.vscode\extensions\redhat.java-1.53.0-win32-x64\jre\21.0.10-win32-x86_64\bin\jimage.dll
Event: 0.624 Loaded shared library c:\Users\Asus\.vscode\extensions\redhat.java-1.53.0-win32-x64\jre\21.0.10-win32-x86_64\bin\verify.dll

Deoptimization events (20 events):
Event: 3.610 Thread 0x0000026c88b6c8d0 Uncommon trap: trap_request=0xffffff45 fr.pc=0x0000026c938cab4c relative=0x00000000000000ac
Event: 3.610 Thread 0x0000026c88b6c8d0 Uncommon trap: reason=unstable_if action=reinterpret pc=0x0000026c938cab4c method=java.util.concurrent.locks.ReentrantLock$NonfairSync.initialTryLock()Z @ 10 c2
Event: 3.610 Thread 0x0000026c88b6c8d0 DEOPT PACKING pc=0x0000026c938cab4c sp=0x000000f9877fe8a0
Event: 3.610 Thread 0x0000026c88b6c8d0 DEOPT UNPACKING pc=0x0000026c932f6da2 sp=0x000000f9877fe830 mode 2
Event: 3.610 Thread 0x0000026c88b6c8d0 Uncommon trap: trap_request=0xffffff45 fr.pc=0x0000026c938c69b4 relative=0x0000000000000094
Event: 3.610 Thread 0x0000026c88b6c8d0 Uncommon trap: reason=unstable_if action=reinterpret pc=0x0000026c938c69b4 method=java.util.concurrent.locks.ReentrantLock$Sync.tryRelease(I)Z @ 26 c2
Event: 3.610 Thread 0x0000026c88b6c8d0 DEOPT PACKING pc=0x0000026c938c69b4 sp=0x000000f9877fe970
Event: 3.610 Thread 0x0000026c88b6c8d0 DEOPT UNPACKING pc=0x0000026c932f6da2 sp=0x000000f9877fe8f0 mode 2
Event: 3.716 Thread 0x0000026c88b6c8d0 Uncommon trap: trap_request=0xffffffde fr.pc=0x0000026c938de2a8 relative=0x0000000000000968
Event: 3.716 Thread 0x0000026c88b6c8d0 Uncommon trap: reason=class_check action=maybe_recompile pc=0x0000026c938de2a8 method=java.util.HashMap.putVal(ILjava/lang/Object;Ljava/lang/Object;ZZ)Ljava/lang/Object; @ 253 c2
Event: 3.716 Thread 0x0000026c88b6c8d0 DEOPT PACKING pc=0x0000026c938de2a8 sp=0x000000f9877fe2a0
Event: 3.716 Thread 0x0000026c88b6c8d0 DEOPT UNPACKING pc=0x0000026c932f6da2 sp=0x000000f9877fe1c8 mode 2
Event: 3.718 Thread 0x0000026c88b6c8d0 Uncommon trap: trap_request=0xffffffde fr.pc=0x0000026c938de2a8 relative=0x0000000000000968
Event: 3.718 Thread 0x0000026c88b6c8d0 Uncommon trap: reason=class_check action=maybe_recompile pc=0x0000026c938de2a8 method=java.util.HashMap.putVal(ILjava/lang/Object;Ljava/lang/Object;ZZ)Ljava/lang/Object; @ 253 c2
Event: 3.718 Thread 0x0000026c88b6c8d0 DEOPT PACKING pc=0x0000026c938de2a8 sp=0x000000f9877fe2a0
Event: 3.718 Thread 0x0000026c88b6c8d0 DEOPT UNPACKING pc=0x0000026c932f6da2 sp=0x000000f9877fe1c8 mode 2
Event: 3.719 Thread 0x0000026c88b6c8d0 Uncommon trap: trap_request=0xffffffde fr.pc=0x0000026c93873848 relative=0x0000000000000488
Event: 3.719 Thread 0x0000026c88b6c8d0 Uncommon trap: reason=class_check action=maybe_recompile pc=0x0000026c93873848 method=java.util.HashMap.putVal(ILjava/lang/Object;Ljava/lang/Object;ZZ)Ljava/lang/Object; @ 253 c2
Event: 3.719 Thread 0x0000026c88b6c8d0 DEOPT PACKING pc=0x0000026c93873848 sp=0x000000f9877fe100
Event: 3.719 Thread 0x0000026c88b6c8d0 DEOPT UNPACKING pc=0x0000026c932f6da2 sp=0x000000f9877fe0c0 mode 2

Classes loaded (20 events):
Event: 3.694 Loading class java/net/ContentHandlerFactory
Event: 3.694 Loading class java/net/ContentHandlerFactory done
Event: 3.718 Loading class java/util/ConcurrentModificationException
Event: 3.718 Loading class java/util/ConcurrentModificationException done
Event: 3.727 Loading class java/util/LinkedList
Event: 3.727 Loading class java/util/AbstractSequentialList
Event: 3.727 Loading class java/util/AbstractSequentialList done
Event: 3.727 Loading class java/util/LinkedList done
Event: 3.734 Loading class java/net/ContentHandler
Event: 3.735 Loading class java/net/ContentHandler done
Event: 3.736 Loading class java/net/UrlDeserializedState
Event: 3.736 Loading class java/net/UrlDeserializedState done
Event: 3.736 Loading class java/lang/reflect/InaccessibleObjectException
Event: 3.736 Loading class java/lang/reflect/InaccessibleObjectException done
Event: 3.741 Loading class java/lang/StackWalker$Option
Event: 3.741 Loading class java/lang/StackWalker$Option done
Event: 3.811 Loading class javax/xml/parsers/ParserConfigurationException
Event: 3.811 Loading class javax/xml/parsers/ParserConfigurationException done
Event: 3.826 Loading class java/security/KeyStoreException
Event: 3.827 Loading class java/security/KeyStoreException done

Classes unloaded (0 events):
No events

Classes redefined (0 events):
No events

Internal exceptions (20 events):
Event: 1.808 Thread 0x0000026c88b6c8d0 Exception <a 'java/lang/NoSuchMethodError'{0x00000000d65734c0}: 'int java.lang.invoke.DirectMethodHandle$Holder.invokeStatic(java.lang.Object, java.lang.Object, java.lang.Object, java.lang.Object, java.lang.Object)'> (0x00000000d65734c0) 
thrown [s\src\hotspot\share\interpreter\linkResolver.cpp, line 773]
Event: 1.871 Thread 0x0000026c88b6c8d0 Exception <a 'java/lang/NoSuchMethodError'{0x00000000d66085a8}: 'java.lang.Object java.lang.invoke.DirectMethodHandle$Holder.invokeInterface(java.lang.Object, java.lang.Object, int)'> (0x00000000d66085a8) 
thrown [s\src\hotspot\share\interpreter\linkResolver.cpp, line 773]
Event: 2.297 Thread 0x0000026c88b6c8d0 Exception <a 'java/lang/NoSuchMethodError'{0x00000000d6a704a0}: 'java.lang.ClassLoader java.lang.ClassLoader.getPlatformClassLoader(java.lang.Class)'> (0x00000000d6a704a0) 
thrown [s\src\hotspot\share\interpreter\linkResolver.cpp, line 773]
Event: 2.379 Thread 0x0000026c88b6c8d0 Exception <a 'java/lang/ClassNotFoundException'{0x00000000d558b538}: sun/net/www/protocol/c/Handler> (0x00000000d558b538) 
thrown [s\src\hotspot\share\classfile\systemDictionary.cpp, line 312]
Event: 2.379 Thread 0x0000026c88b6c8d0 Exception <a 'java/lang/ClassNotFoundException'{0x00000000d558c890}: sun/net/www/protocol/d/Handler> (0x00000000d558c890) 
thrown [s\src\hotspot\share\classfile\systemDictionary.cpp, line 312]
Event: 2.380 Thread 0x0000026c88b6c8d0 Exception <a 'java/lang/ClassNotFoundException'{0x00000000d558da08}: sun/net/www/protocol/c/Handler> (0x00000000d558da08) 
thrown [s\src\hotspot\share\classfile\systemDictionary.cpp, line 312]
Event: 2.390 Thread 0x0000026c88b6c8d0 Exception <a 'java/io/FileNotFoundException'{0x00000000d55bf680}> (0x00000000d55bf680) 
thrown [s\src\hotspot\share\prims\jni.cpp, line 520]
Event: 2.481 Thread 0x0000026c88b6c8d0 Implicit null exception at 0x0000026c9389eda9 to 0x0000026c9389f648
Event: 2.481 Thread 0x0000026c88b6c8d0 Implicit null exception at 0x0000026c938b2c9a to 0x0000026c938b2ea0
Event: 2.482 Thread 0x0000026c88b6c8d0 Exception <a 'java/lang/NoSuchMethodError'{0x00000000d56efe88}: 'void java.lang.invoke.DirectMethodHandle$Holder.invokeStatic(java.lang.Object, java.lang.Object, java.lang.Object, java.lang.Object)'> (0x00000000d56efe88) 
thrown [s\src\hotspot\share\interpreter\linkResolver.cpp, line 773]
Event: 2.533 Thread 0x0000026c88b6c8d0 Implicit null exception at 0x0000026c938a11bc to 0x0000026c938a1448
Event: 2.964 Thread 0x0000026c88b6c8d0 Exception <a 'java/lang/NoSuchMethodError'{0x00000000d59d8fe0}: 'void java.lang.invoke.DirectMethodHandle$Holder.invokeSpecial(java.lang.Object, java.lang.Object, java.lang.Object)'> (0x00000000d59d8fe0) 
thrown [s\src\hotspot\share\interpreter\linkResolver.cpp, line 773]
Event: 3.569 Thread 0x0000026c88b6c8d0 Exception <a 'java/lang/NoSuchMethodError'{0x00000000d6446d80}: 'int java.lang.invoke.DirectMethodHandle$Holder.invokeVirtual(java.lang.Object, java.lang.Object)'> (0x00000000d6446d80) 
thrown [s\src\hotspot\share\interpreter\linkResolver.cpp, line 773]
Event: 3.622 Thread 0x0000026c88b6c8d0 Exception <a 'java/lang/NoSuchMethodError'{0x00000000d65bd260}: 'int java.lang.invoke.DirectMethodHandle$Holder.invokeStaticInit(java.lang.Object, java.lang.Object, java.lang.Object, java.lang.Object)'> (0x00000000d65bd260) 
thrown [s\src\hotspot\share\interpreter\linkResolver.cpp, line 773]
Event: 3.623 Thread 0x0000026c88b6c8d0 Exception <a 'java/lang/IncompatibleClassChangeError'{0x00000000d65c5668}: Found class java.lang.Object, but interface was expected> (0x00000000d65c5668) 
thrown [s\src\hotspot\share\interpreter\linkResolver.cpp, line 840]
Event: 3.624 Thread 0x0000026c88b6c8d0 Exception <a 'java/lang/NoSuchMethodError'{0x00000000d65cbc38}: 'void java.lang.invoke.DirectMethodHandle$Holder.invokeStaticInit(java.lang.Object, java.lang.Object)'> (0x00000000d65cbc38) 
thrown [s\src\hotspot\share\interpreter\linkResolver.cpp, line 773]
Event: 3.624 Thread 0x0000026c88b6c8d0 Exception <a 'java/lang/NoSuchMethodError'{0x00000000d65d4e10}: 'int java.lang.invoke.DirectMethodHandle$Holder.invokeStaticInit(java.lang.Object, java.lang.Object)'> (0x00000000d65d4e10) 
thrown [s\src\hotspot\share\interpreter\linkResolver.cpp, line 773]
Event: 3.703 Thread 0x0000026c88b6c8d0 Exception <a 'java/lang/NoSuchMethodError'{0x00000000d681c6d0}: 'java.lang.Object java.lang.invoke.DirectMethodHandle$Holder.newInvokeSpecial(java.lang.Object, int, java.lang.Object)'> (0x00000000d681c6d0) 
thrown [s\src\hotspot\share\interpreter\linkResolver.cpp, line 773]
Event: 3.744 Thread 0x0000026c88b6c8d0 Exception <a 'java/lang/ClassNotFoundException'{0x00000000d6a34900}: sun/net/www/protocol/plurl/Handler> (0x00000000d6a34900) 
thrown [s\src\hotspot\share\classfile\systemDictionary.cpp, line 312]
Event: 3.744 Thread 0x0000026c88b6c8d0 Exception <a 'java/lang/ClassNotFoundException'{0x00000000d6a35780}: sun/net/www/protocol/plurl/Handler> (0x00000000d6a35780) 
thrown [s\src\hotspot\share\classfile\systemDictionary.cpp, line 312]

ZGC Phase Switch (0 events):
No events

VM Operations (20 events):
Event: 1.559 Executing safepoint VM operation: Cleanup
Event: 1.559 Executing safepoint VM operation: Cleanup done
Event: 1.652 Executing non-safepoint VM operation: HandshakeAllThreads (Deoptimize)
Event: 1.652 Executing non-safepoint VM operation: HandshakeAllThreads (Deoptimize) done
Event: 1.668 Executing non-safepoint VM operation: HandshakeAllThreads (Deoptimize)
Event: 1.668 Executing non-safepoint VM operation: HandshakeAllThreads (Deoptimize) done
Event: 2.353 Executing non-safepoint VM operation: HandshakeAllThreads (Deoptimize)
Event: 2.353 Executing non-safepoint VM operation: HandshakeAllThreads (Deoptimize) done
Event: 2.368 Executing safepoint VM operation: ParallelGCFailedAllocation (Allocation Failure)
Event: 2.375 Executing safepoint VM operation: ParallelGCFailedAllocation (Allocation Failure) done
Event: 3.384 Executing safepoint VM operation: Cleanup
Event: 3.385 Executing safepoint VM operation: Cleanup done
Event: 3.682 Executing non-safepoint VM operation: HandshakeAllThreads (Deoptimize)
Event: 3.683 Executing non-safepoint VM operation: HandshakeAllThreads (Deoptimize) done
Event: 3.691 Executing non-safepoint VM operation: HandshakeAllThreads (Deoptimize)
Event: 3.691 Executing non-safepoint VM operation: HandshakeAllThreads (Deoptimize) done
Event: 3.728 Executing non-safepoint VM operation: HandshakeAllThreads (Deoptimize)
Event: 3.728 Executing non-safepoint VM operation: HandshakeAllThreads (Deoptimize) done
Event: 3.737 Executing non-safepoint VM operation: HandshakeAllThreads (Deoptimize)
Event: 3.737 Executing non-safepoint VM operation: HandshakeAllThreads (Deoptimize) done

Memory protections (0 events):
No events

Nmethod flushes (0 events):
No events

Events (19 events):
Event: 0.063 Thread 0x0000026c88b6c8d0 Thread added: 0x0000026c88b6c8d0
Event: 0.087 Thread 0x0000026c88b6c8d0 Thread added: 0x0000026c88a59db0
Event: 0.097 Thread 0x0000026c88b6c8d0 Thread added: 0x0000026c88a5c300
Event: 0.098 Thread 0x0000026c88b6c8d0 Thread added: 0x0000026c88a5ead0
Event: 0.098 Thread 0x0000026c88b6c8d0 Thread added: 0x0000026c88a5f730
Event: 0.098 Thread 0x0000026c88b6c8d0 Thread added: 0x0000026c88a642b0
Event: 0.098 Thread 0x0000026c88b6c8d0 Thread added: 0x0000026c88a64d10
Event: 0.098 Thread 0x0000026c88b6c8d0 Thread added: 0x0000026c88a65b50
Event: 0.115 Thread 0x0000026c88b6c8d0 Thread added: 0x0000026c88adde60
Event: 0.455 Thread 0x0000026c88b6c8d0 Thread added: 0x0000026ce1206f10
Event: 1.205 Thread 0x0000026c88b6c8d0 Thread added: 0x0000026ce13983d0
Event: 1.588 Thread 0x0000026c88a65b50 Thread added: 0x0000026ce14a3810
Event: 2.112 Thread 0x0000026ce14a3810 Thread exited: 0x0000026ce14a3810
Event: 2.145 Thread 0x0000026c88adde60 Thread added: 0x0000026ce1673fb0
Event: 2.518 Thread 0x0000026ce1673fb0 Thread exited: 0x0000026ce1673fb0
Event: 3.302 Thread 0x0000026c88adde60 Thread added: 0x0000026ce1943040
Event: 3.460 Thread 0x0000026ce1943040 Thread exited: 0x0000026ce1943040
Event: 3.489 Thread 0x0000026c88adde60 Thread added: 0x0000026ce14d6e90
Event: 3.668 Thread 0x0000026c88b6c8d0 Thread added: 0x0000026ce6004e60


Dynamic libraries:
0x00007ff73ec90000 - 0x00007ff73ec9e000 	c:\Users\Asus\.vscode\extensions\redhat.java-1.53.0-win32-x64\jre\21.0.10-win32-x86_64\bin\java.exe
0x00007ff925e00000 - 0x00007ff926068000 	C:\WINDOWS\SYSTEM32\ntdll.dll
0x00007ff924710000 - 0x00007ff9247d9000 	C:\WINDOWS\System32\KERNEL32.DLL
0x00007ff922f50000 - 0x00007ff923348000 	C:\WINDOWS\System32\KERNELBASE.dll
0x00007ff923350000 - 0x00007ff92349b000 	C:\WINDOWS\System32\ucrtbase.dll
0x00007ff905140000 - 0x00007ff905158000 	c:\Users\Asus\.vscode\extensions\redhat.java-1.53.0-win32-x64\jre\21.0.10-win32-x86_64\bin\jli.dll
0x00007ff925bf0000 - 0x00007ff925db7000 	C:\WINDOWS\System32\USER32.dll
0x00007ff923550000 - 0x00007ff923577000 	C:\WINDOWS\System32\win32u.dll
0x00007ff924270000 - 0x00007ff92429b000 	C:\WINDOWS\System32\GDI32.dll
0x00007ff923580000 - 0x00007ff9236ac000 	C:\WINDOWS\System32\gdi32full.dll
0x00007ff923a60000 - 0x00007ff923b03000 	C:\WINDOWS\System32\msvcp_win.dll
0x00007ff904540000 - 0x00007ff90455e000 	c:\Users\Asus\.vscode\extensions\redhat.java-1.53.0-win32-x64\jre\21.0.10-win32-x86_64\bin\VCRUNTIME140.dll
0x00007ff90b8c0000 - 0x00007ff90bb54000 	C:\WINDOWS\WinSxS\amd64_microsoft.windows.common-controls_6595b64144ccf1df_6.0.26100.7019_none_3e06ffa0e335b8a8\COMCTL32.dll
0x00007ff9243c0000 - 0x00007ff924469000 	C:\WINDOWS\System32\msvcrt.dll
0x00007ff923ba0000 - 0x00007ff923bd1000 	C:\WINDOWS\System32\IMM32.DLL
0x00007ff91a700000 - 0x00007ff91a70c000 	c:\Users\Asus\.vscode\extensions\redhat.java-1.53.0-win32-x64\jre\21.0.10-win32-x86_64\bin\vcruntime140_1.dll
0x00007ff8c1770000 - 0x00007ff8c17fd000 	c:\Users\Asus\.vscode\extensions\redhat.java-1.53.0-win32-x64\jre\21.0.10-win32-x86_64\bin\msvcp140.dll
0x00007ff8ac610000 - 0x00007ff8ad3b1000 	c:\Users\Asus\.vscode\extensions\redhat.java-1.53.0-win32-x64\jre\21.0.10-win32-x86_64\bin\server\jvm.dll
0x00007ff924650000 - 0x00007ff924704000 	C:\WINDOWS\System32\ADVAPI32.dll
0x00007ff925190000 - 0x00007ff925236000 	C:\WINDOWS\System32\sechost.dll
0x00007ff924f60000 - 0x00007ff925078000 	C:\WINDOWS\System32\RPCRT4.dll
0x00007ff925080000 - 0x00007ff9250f4000 	C:\WINDOWS\System32\WS2_32.dll
0x00007ff922db0000 - 0x00007ff922e0e000 	C:\WINDOWS\SYSTEM32\POWRPROF.dll
0x00007ff918540000 - 0x00007ff918575000 	C:\WINDOWS\SYSTEM32\WINMM.dll
0x00007ff90e770000 - 0x00007ff90e77b000 	C:\WINDOWS\SYSTEM32\VERSION.dll
0x00007ff922d90000 - 0x00007ff922da4000 	C:\WINDOWS\SYSTEM32\UMPDC.dll
0x00007ff921d10000 - 0x00007ff921d2b000 	C:\WINDOWS\SYSTEM32\kernel.appcore.dll
0x00007ff910430000 - 0x00007ff91043a000 	c:\Users\Asus\.vscode\extensions\redhat.java-1.53.0-win32-x64\jre\21.0.10-win32-x86_64\bin\jimage.dll
0x00007ff9206d0000 - 0x00007ff920912000 	C:\WINDOWS\SYSTEM32\DBGHELP.DLL
0x00007ff9247e0000 - 0x00007ff924b6b000 	C:\WINDOWS\System32\combase.dll
0x00007ff924d50000 - 0x00007ff924e27000 	C:\WINDOWS\System32\OLEAUT32.dll
0x00007ff902970000 - 0x00007ff9029ac000 	C:\WINDOWS\SYSTEM32\dbgcore.DLL
0x00007ff9234a0000 - 0x00007ff923545000 	C:\WINDOWS\System32\bcryptPrimitives.dll
0x00007ff90ff70000 - 0x00007ff90ff7f000 	c:\Users\Asus\.vscode\extensions\redhat.java-1.53.0-win32-x64\jre\21.0.10-win32-x86_64\bin\instrument.dll
0x00007ff9031a0000 - 0x00007ff9031c0000 	c:\Users\Asus\.vscode\extensions\redhat.java-1.53.0-win32-x64\jre\21.0.10-win32-x86_64\bin\java.dll
0x00007ff925490000 - 0x00007ff925be1000 	C:\WINDOWS\System32\SHELL32.dll
0x00007ff9238f0000 - 0x00007ff923a5b000 	C:\WINDOWS\System32\wintypes.dll
0x00007ff920b70000 - 0x00007ff9213cd000 	C:\WINDOWS\SYSTEM32\windows.storage.dll
0x00007ff923be0000 - 0x00007ff923cd2000 	C:\WINDOWS\System32\SHCORE.dll
0x00007ff924e30000 - 0x00007ff924e97000 	C:\WINDOWS\System32\shlwapi.dll
0x00007ff922e70000 - 0x00007ff922e99000 	C:\WINDOWS\SYSTEM32\profapi.dll
0x00007ff903230000 - 0x00007ff903248000 	c:\Users\Asus\.vscode\extensions\redhat.java-1.53.0-win32-x64\jre\21.0.10-win32-x86_64\bin\zip.dll
0x00007ff90ff10000 - 0x00007ff90ff20000 	C:\Users\Asus\.vscode\extensions\redhat.java-1.53.0-win32-x64\jre\21.0.10-win32-x86_64\bin\net.dll
0x00007ff9124a0000 - 0x00007ff9125c8000 	C:\WINDOWS\SYSTEM32\WINHTTP.dll
0x00007ff922280000 - 0x00007ff9222eb000 	C:\WINDOWS\system32\mswsock.dll
0x00007ff903140000 - 0x00007ff903156000 	C:\Users\Asus\.vscode\extensions\redhat.java-1.53.0-win32-x64\jre\21.0.10-win32-x86_64\bin\nio.dll
0x00007ff90fe70000 - 0x00007ff90fe80000 	c:\Users\Asus\.vscode\extensions\redhat.java-1.53.0-win32-x64\jre\21.0.10-win32-x86_64\bin\verify.dll

JVMTI agents:
c:\Users\Asus\.vscode\extensions\redhat.java-1.53.0-win32-x64\lombok\lombok-1.18.39-4050.jar path:c:\Users\Asus\.vscode\extensions\redhat.java-1.53.0-win32-x64\jre\21.0.10-win32-x86_64\bin\instrument.dll, loaded, initialized, instrumentlib options:none

dbghelp: loaded successfully - version: 4.0.5 - missing functions: none
symbol engine: initialized successfully - sym options: 0x614 - pdb path: .;c:\Users\Asus\.vscode\extensions\redhat.java-1.53.0-win32-x64\jre\21.0.10-win32-x86_64\bin;C:\WINDOWS\SYSTEM32;C:\WINDOWS\WinSxS\amd64_microsoft.windows.common-controls_6595b64144ccf1df_6.0.26100.7019_none_3e06ffa0e335b8a8;c:\Users\Asus\.vscode\extensions\redhat.java-1.53.0-win32-x64\jre\21.0.10-win32-x86_64\bin\server

VM Arguments:
jvm_args: --add-modules=ALL-SYSTEM --add-opens=java.base/java.util=ALL-UNNAMED --add-opens=java.base/java.lang=ALL-UNNAMED --add-opens=java.base/sun.nio.fs=ALL-UNNAMED -Declipse.application=org.eclipse.jdt.ls.core.id1 -Dosgi.bundles.defaultStartLevel=4 -Declipse.product=org.eclipse.jdt.ls.core.product -Djava.import.generatesMetadataFilesAtProjectRoot=false -DDetectVMInstallationsJob.disabled=true -Dfile.encoding=utf8 -XX:+UseParallelGC -XX:GCTimeRatio=4 -XX:AdaptiveSizePolicyWeight=90 -Dsun.zip.disableMemoryMapping=true -Xmx2G -Xms100m -Xlog:disable -javaagent:c:\Users\Asus\.vscode\extensions\redhat.java-1.53.0-win32-x64\lombok\lombok-1.18.39-4050.jar -XX:+HeapDumpOnOutOfMemoryError -XX:HeapDumpPath=c:\Users\Asus\AppData\Roaming\Code\User\workspaceStorage\63c021b6368e97f41da5c09954acc518\redhat.java -Daether.dependencyCollector.impl=bf 
java_command: c:\Users\Asus\.vscode\extensions\redhat.java-1.53.0-win32-x64\server\plugins\org.eclipse.equinox.launcher_1.7.100.v20251111-0406.jar -configuration c:\Users\Asus\AppData\Roaming\Code\User\globalStorage\redhat.java\1.53.0\config_win -data c:\Users\Asus\AppData\Roaming\Code\User\workspaceStorage\63c021b6368e97f41da5c09954acc518\redhat.java\jdt_ws --pipe=\\.\pipe\lsp-0854e9156478c5d89b8494cdb5788de3-sock
java_class_path (initial): c:\Users\Asus\.vscode\extensions\redhat.java-1.53.0-win32-x64\server\plugins\org.eclipse.equinox.launcher_1.7.100.v20251111-0406.jar
Launcher Type: SUN_STANDARD

[Global flags]
    uintx AdaptiveSizePolicyWeight                 = 90                                        {product} {command line}
     intx CICompilerCount                          = 3                                         {product} {ergonomic}
    uintx GCTimeRatio                              = 4                                         {product} {command line}
     bool HeapDumpOnOutOfMemoryError               = true                                   {manageable} {command line}
    ccstr HeapDumpPath                             = c:\Users\Asus\AppData\Roaming\Code\User\workspaceStorage\63c021b6368e97f41da5c09954acc518\redhat.java         {manageable} {command line}
   size_t InitialHeapSize                          = 104857600                                 {product} {command line}
   size_t MaxHeapSize                              = 2147483648                                {product} {command line}
   size_t MaxNewSize                               = 715653120                                 {product} {ergonomic}
   size_t MinHeapDeltaBytes                        = 524288                                    {product} {ergonomic}
   size_t MinHeapSize                              = 104857600                                 {product} {command line}
   size_t NewSize                                  = 34603008                                  {product} {ergonomic}
    uintx NonNMethodCodeHeapSize                   = 5832780                                {pd product} {ergonomic}
    uintx NonProfiledCodeHeapSize                  = 122912730                              {pd product} {ergonomic}
   size_t OldSize                                  = 70254592                                  {product} {ergonomic}
    uintx ProfiledCodeHeapSize                     = 122912730                              {pd product} {ergonomic}
    uintx ReservedCodeCacheSize                    = 251658240                              {pd product} {ergonomic}
     bool SegmentedCodeCache                       = true                                      {product} {ergonomic}
   size_t SoftMaxHeapSize                          = 2147483648                             {manageable} {ergonomic}
     bool UseCompressedOops                        = true                           {product lp64_product} {ergonomic}
     bool UseLargePagesIndividualAllocation        = false                                  {pd product} {ergonomic}
     bool UseParallelGC                            = true                                      {product} {command line}

Logging:
Log output configuration:
 #0: stdout all=off uptime,level,tags foldmultilines=false
 #1: stderr all=off uptime,level,tags foldmultilines=false

Release file:
JAVA_VERSION="21.0.10" 
MODULES="java.base java.compiler java.datatransfer java.xml java.prefs java.desktop java.instrument java.logging java.management java.security.sasl java.naming java.rmi java.management.rmi java.net.http java.scripting java.security.jgss java.transaction.xa java.sql java.sql.rowset java.xml.crypto java.se java.smartcardio jdk.accessibility jdk.internal.jvmstat jdk.attach jdk.charsets jdk.internal.opt jdk.zipfs jdk.compiler jdk.crypto.ec jdk.crypto.cryptoki jdk.crypto.mscapi jdk.dynalink jdk.internal.ed jdk.editpad jdk.hotspot.agent jdk.httpserver jdk.internal.le jdk.internal.vm.ci jdk.internal.vm.compiler jdk.internal.vm.compiler.management jdk.jartool jdk.javadoc jdk.jcmd jdk.management jdk.management.agent jdk.jconsole jdk.jdeps jdk.jdwp.agent jdk.jdi jdk.jfr jdk.jshell jdk.jsobject jdk.jstatd jdk.localedata jdk.management.jfr jdk.naming.dns jdk.naming.rmi jdk.net jdk.nio.mapmode jdk.random jdk.sctp jdk.security.auth jdk.security.jgss jdk.unsupported jdk.unsupported.desktop jdk.xml.dom" 

Environment Variables:
JAVA_HOME=C:\Program Files\Eclipse Adoptium\jdk-17.0.18.8-hotspot\
PATH=D:\Microsoft VS Code;C:\Program Files\Eclipse Adoptium\jdk-17.0.18.8-hotspot\bin;C:\Users\Asus\AppData\Local\Microsoft\WindowsApps;C:\Program Files (x86)\Common Files\Oracle\Java\javapath;C:\WINDOWS\system32;C:\WINDOWS;C:\WINDOWS\System32\Wbem;C:\WINDOWS\System32\WindowsPowerShell\v1.0\;C:\WINDOWS\System32\OpenSSH\;C:\Program Files\PuTTY\;C:\Program Files\Docker\Docker\resources\bin;C:\Program Files\nodejs\;C:\php;C:\Users\Asus\Downloads\php;C:\xampp\mysql\bin;C:\Program Files\Git\cmd;C:\Users\Asus\miniconda3;C:\Users\Asus\miniconda3\Library\mingw-w64\bin;C:\Users\Asus\miniconda3\Library\usr\bin;C:\Users\Asus\miniconda3\Library\bin;C:\Users\Asus\miniconda3\Scripts;C:\Users\Asus\AppData\Local\Microsoft\WindowsApps;C:\msys64\ucrt64\bin;C:\msys64\ucrt64\bin;C:\Users\Asus\AppData\Local\Programs\Python\Launcher\;C:\Users\Asus\AppData\Local\Microsoft\WindowsApps;C:\Users\Asus\AppData\Roaming\npm;D:\Microsoft VS Code\bin
USERNAME=Asus
OS=Windows_NT
PROCESSOR_IDENTIFIER=Intel64 Family 6 Model 140 Stepping 1, GenuineIntel
TMP=C:\Users\Asus\AppData\Local\Temp
TEMP=C:\Users\Asus\AppData\Local\Temp




Periodic native trim disabled

---------------  S Y S T E M  ---------------

OS:
 Windows 11 , 64 bit Build 26100 (10.0.26100.7019)
OS uptime: 1 days 10:53 hours
Hyper-V role detected

CPU: total 4 (initial active 4) (2 cores per cpu, 2 threads per core) family 6 model 140 stepping 1 microcode 0xa4, cx8, cmov, fxsr, ht, mmx, 3dnowpref, sse, sse2, sse3, ssse3, sse4.1, sse4.2, popcnt, lzcnt, tsc, tscinvbit, avx, avx2, aes, erms, clmul, bmi1, bmi2, adx, avx512f, avx512dq, avx512cd, avx512bw, avx512vl, sha, fma, vzeroupper, avx512_vpopcntdq, avx512_vpclmulqdq, avx512_vaes, avx512_vnni, clflush, clflushopt, clwb, avx512_vbmi2, avx512_vbmi, hv, rdtscp, rdpid, fsrm, gfni, avx512_bitalg, f16c, cet_ibt, cet_ss, avx512_ifma
Processor Information for the first 4 processors :
  Max Mhz: 2995, Current Mhz: 2995, Mhz Limit: 2995

Memory: 4k page, system-wide physical 7886M (566M free)
TotalPageFile size 13708M (AvailPageFile size 1M)
current process WorkingSet (physical memory assigned to process): 89M, peak: 89M
current process commit charge ("private bytes"): 227M, peak: 228M

vm_info: OpenJDK 64-Bit Server VM (21.0.10+7-LTS) for windows-amd64 JRE (21.0.10+7-LTS), built on 2026-01-20T00:00:00Z by "admin" with MS VC++ 17.12 (VS2022)

END.
