#
# There is insufficient memory for the Java Runtime Environment to continue.
# Native memory allocation (malloc) failed to allocate 255056 bytes. Error detail: Chunk::new
# Possible reasons:
#   The system is out of physical RAM or swap space
#   This process is running with CompressedOops enabled, and the Java Heap may be blocking the growth of the native heap
# Possible solutions:
#   Reduce memory load on the system
#   Increase physical memory or swap space
#   Check if swap backing store is full
#   Decrease Java heap size (-Xmx/-Xms)
#   Decrease number of Java threads
#   Decrease Java thread stack sizes (-Xss)
#   Set larger code cache with -XX:ReservedCodeCacheSize=
#   JVM is running with Unscaled Compressed Oops mode in which the Java heap is
#     placed in the first 4GB address space. The Java Heap base address is the
#     maximum limit for the native heap growth. Please use -XX:HeapBaseMinAddress
#     to set the Java Heap base and to place the Java Heap above 4GB virtual address.
# This output file may be truncated or incomplete.
#
#  Out of Memory Error (arena.cpp:168), pid=4264, tid=3424
#
# JRE version: OpenJDK Runtime Environment Temurin-21.0.10+7 (21.0.10+7) (build 21.0.10+7-LTS)
# Java VM: OpenJDK 64-Bit Server VM Temurin-21.0.10+7 (21.0.10+7-LTS, mixed mode, sharing, tiered, compressed oops, compressed class ptrs, parallel gc, windows-amd64)
# No core dump will be written. Minidumps are not enabled by default on client versions of Windows
#

---------------  S U M M A R Y ------------

Command Line: --add-modules=ALL-SYSTEM --add-opens=java.base/java.util=ALL-UNNAMED --add-opens=java.base/java.lang=ALL-UNNAMED --add-opens=java.base/sun.nio.fs=ALL-UNNAMED -Declipse.application=org.eclipse.jdt.ls.core.id1 -Dosgi.bundles.defaultStartLevel=4 -Declipse.product=org.eclipse.jdt.ls.core.product -Djava.import.generatesMetadataFilesAtProjectRoot=false -DDetectVMInstallationsJob.disabled=true -Dfile.encoding=utf8 -XX:+UseParallelGC -XX:GCTimeRatio=4 -XX:AdaptiveSizePolicyWeight=90 -Dsun.zip.disableMemoryMapping=true -Xmx2G -Xms100m -Xlog:disable -javaagent:c:\Users\Asus\.vscode\extensions\redhat.java-1.53.0-win32-x64\lombok\lombok-1.18.39-4050.jar c:\Users\Asus\.vscode\extensions\redhat.java-1.53.0-win32-x64\server\plugins\org.eclipse.equinox.launcher_1.7.100.v20251111-0406.jar -configuration c:\Users\Asus\AppData\Roaming\Code\User\globalStorage\redhat.java\1.53.0\config_ss_win -data c:\Users\Asus\AppData\Roaming\Code\User\workspaceStorage\63c021b6368e97f41da5c09954acc518\redhat.java\ss_ws --pipe=\\.\pipe\lsp-f3a33fd0165e9ce2ae8bfc719ab20ab8-sock

Host: 11th Gen Intel(R) Core(TM) i3-1115G4 @ 3.00GHz, 4 cores, 7G,  Windows 11 , 64 bit Build 26100 (10.0.26100.7019)
Time: Wed Mar 18 13:31:57 2026 SE Asia Standard Time elapsed time: 2.235805 seconds (0d 0h 0m 2s)

---------------  T H R E A D  ---------------

Current thread (0x0000022dab345600):  JavaThread "C2 CompilerThread0" daemon [_thread_in_native, id=3424, stack(0x0000008844400000,0x0000008844500000) (1024K)]


Current CompileTask:
C2:2235  724       4       lombok.patcher.scripts.MethodLevelPatchScript::patch (21 bytes)

Stack: [0x0000008844400000,0x0000008844500000]
Native frames: (J=compiled Java code, j=interpreted, Vv=VM code, C=native code)
V  [jvm.dll+0x6d7a39]
V  [jvm.dll+0x8b4b26]
V  [jvm.dll+0x8b70de]
V  [jvm.dll+0x8b77c3]
V  [jvm.dll+0x284346]
V  [jvm.dll+0xc66ed]
V  [jvm.dll+0xc6c31]
V  [jvm.dll+0x2fb29e]
V  [jvm.dll+0x5fe884]
V  [jvm.dll+0x255b17]
V  [jvm.dll+0x255edd]
V  [jvm.dll+0x24e500]
V  [jvm.dll+0x24ba42]
V  [jvm.dll+0x1cb34e]
V  [jvm.dll+0x25b85d]
V  [jvm.dll+0x259dea]
V  [jvm.dll+0x3f857e]
V  [jvm.dll+0x85f59d]
V  [jvm.dll+0x6d626d]
C  [ucrtbase.dll+0x37b0]
C  [KERNEL32.DLL+0x2e8d7]
C  [ntdll.dll+0x8c53c]


---------------  P R O C E S S  ---------------

Threads class SMR info:
_java_thread_list=0x0000022e03ca5420, length=12, elements={
0x0000022dab44b650, 0x0000022dab338890, 0x0000022dab33bc20, 0x0000022dab33e780,
0x0000022dab3412f0, 0x0000022dab341d50, 0x0000022dab3427b0, 0x0000022dab345600,
0x0000022dab3be910, 0x0000022e03bd7ee0, 0x0000022e03d3c4a0, 0x0000022e03d70380
}

Java Threads: ( => current thread )
  0x0000022dab44b650 JavaThread "main"                              [_thread_in_vm, id=15004, stack(0x0000008843a00000,0x0000008843b00000) (1024K)]
  0x0000022dab338890 JavaThread "Reference Handler"          daemon [_thread_blocked, id=13464, stack(0x0000008843e00000,0x0000008843f00000) (1024K)]
  0x0000022dab33bc20 JavaThread "Finalizer"                  daemon [_thread_blocked, id=13612, stack(0x0000008843f00000,0x0000008844000000) (1024K)]
  0x0000022dab33e780 JavaThread "Signal Dispatcher"          daemon [_thread_blocked, id=12064, stack(0x0000008844000000,0x0000008844100000) (1024K)]
  0x0000022dab3412f0 JavaThread "Attach Listener"            daemon [_thread_blocked, id=10828, stack(0x0000008844100000,0x0000008844200000) (1024K)]
  0x0000022dab341d50 JavaThread "Service Thread"             daemon [_thread_blocked, id=16156, stack(0x0000008844200000,0x0000008844300000) (1024K)]
  0x0000022dab3427b0 JavaThread "Monitor Deflation Thread"   daemon [_thread_blocked, id=10420, stack(0x0000008844300000,0x0000008844400000) (1024K)]
=>0x0000022dab345600 JavaThread "C2 CompilerThread0"         daemon [_thread_in_native, id=3424, stack(0x0000008844400000,0x0000008844500000) (1024K)]
  0x0000022dab3be910 JavaThread "C1 CompilerThread0"         daemon [_thread_blocked, id=12488, stack(0x0000008844500000,0x0000008844600000) (1024K)]
  0x0000022e03bd7ee0 JavaThread "Common-Cleaner"             daemon [_thread_blocked, id=4288, stack(0x0000008844600000,0x0000008844700000) (1024K)]
  0x0000022e03d3c4a0 JavaThread "Notification Thread"        daemon [_thread_blocked, id=12740, stack(0x0000008844700000,0x0000008844800000) (1024K)]
  0x0000022e03d70380 JavaThread "C2 CompilerThread1"         daemon [_thread_in_native, id=308, stack(0x0000008844800000,0x0000008844900000) (1024K)]
Total: 12

Other Threads:
  0x0000022dab50b7d0 VMThread "VM Thread"                           [id=12948, stack(0x0000008843d00000,0x0000008843e00000) (1024K)]
  0x0000022dab4b57a0 WatcherThread "VM Periodic Task Thread"        [id=17424, stack(0x0000008843c00000,0x0000008843d00000) (1024K)]
  0x0000022dab469bd0 WorkerThread "GC Thread#0"                     [id=10164, stack(0x0000008843b00000,0x0000008843c00000) (1024K)]
Total: 3

Threads with active compile tasks:
C2 CompilerThread0  2269  724       4       lombok.patcher.scripts.MethodLevelPatchScript::patch (21 bytes)
C2 CompilerThread1  2269  725       4       lombok.patcher.PatchScript::classMatches (41 bytes)
Total: 2

VM state: not at safepoint (normal execution)

VM Mutex/Monitor currently owned by a thread:  ([mutex/lock_event])
[0x00007ffd4988c8e0] AdapterHandlerLibrary_lock - owner thread: 0x0000022dab44b650

Heap address: 0x0000000080000000, size: 2048 MB, Compressed Oops mode: 32-bit

CDS archive(s) mapped at: [0x0000022dc2000000-0x0000022dc2ba0000-0x0000022dc2ba0000), size 12189696, SharedBaseAddress: 0x0000022dc2000000, ArchiveRelocationMode: 1.
Compressed class space mapped at: 0x0000022dc3000000-0x0000022e03000000, reserved size: 1073741824
Narrow klass base: 0x0000022dc2000000, Narrow klass shift: 0, Narrow klass range: 0x100000000

GC Precious Log:
 CardTable entry size: 512
 CPUs: 4 total, 4 available
 Memory: 7886M
 Large Page Support: Disabled
 NUMA Support: Disabled
 Compressed Oops: Enabled (32-bit)
 Alignments: Space 512K, Generation 512K, Heap 2M
 Heap Min Capacity: 100M
 Heap Initial Capacity: 100M
 Heap Max Capacity: 2G
 Pre-touch: Disabled
 Parallel Workers: 4

Heap:
 PSYoungGen      total 29696K, used 15584K [0x00000000d5580000, 0x00000000d7680000, 0x0000000100000000)
  eden space 25600K, 60% used [0x00000000d5580000,0x00000000d64b8058,0x00000000d6e80000)
  from space 4096K, 0% used [0x00000000d7280000,0x00000000d7280000,0x00000000d7680000)
  to   space 4096K, 0% used [0x00000000d6e80000,0x00000000d6e80000,0x00000000d7280000)
 ParOldGen       total 68608K, used 0K [0x0000000080000000, 0x0000000084300000, 0x00000000d5580000)
  object space 68608K, 0% used [0x0000000080000000,0x0000000080000000,0x0000000084300000)
 Metaspace       used 3018K, committed 3200K, reserved 1114112K
  class space    used 307K, committed 384K, reserved 1048576K

Card table byte_map: [0x0000022daadf0000,0x0000022dab200000] _byte_map_base: 0x0000022daa9f0000

Marking Bits: (ParMarkBitMap*) 0x00007ffd49893450
 Begin Bits: [0x0000022dbd900000, 0x0000022dbf900000)
 End Bits:   [0x0000022dbf900000, 0x0000022dc1900000)

Polling page: 0x0000022da9160000

Metaspace:

Usage:
  Non-class:      2.65 MB used.
      Class:    307.91 KB used.
       Both:      2.95 MB used.

Virtual space:
  Non-class space:       64.00 MB reserved,       2.75 MB (  4%) committed,  1 nodes.
      Class space:        1.00 GB reserved,     384.00 KB ( <1%) committed,  1 nodes.
             Both:        1.06 GB reserved,       3.12 MB ( <1%) committed. 

Chunk freelists:
   Non-Class:  11.58 MB
       Class:  15.66 MB
        Both:  27.24 MB

MaxMetaspaceSize: unlimited
CompressedClassSpaceSize: 1.00 GB
Initial GC threshold: 21.00 MB
Current GC threshold: 21.00 MB
CDS: on
 - commit_granule_bytes: 65536.
 - commit_granule_words: 8192.
 - virtual_space_node_default_size: 8388608.
 - enlarge_chunks_in_place: 1.
 - use_allocation_guard: 0.


Internal statistics:

num_allocs_failed_limit: 0.
num_arena_births: 82.
num_arena_deaths: 0.
num_vsnodes_births: 2.
num_vsnodes_deaths: 0.
num_space_committed: 50.
num_space_uncommitted: 0.
num_chunks_returned_to_freelist: 0.
num_chunks_taken_from_freelist: 109.
num_chunk_merges: 0.
num_chunk_splits: 75.
num_chunks_enlarged: 47.
num_inconsistent_stats: 0.

CodeHeap 'non-profiled nmethods': size=120000Kb used=291Kb max_used=291Kb free=119708Kb
 bounds [0x0000022db6120000, 0x0000022db6390000, 0x0000022dbd650000]
CodeHeap 'profiled nmethods': size=120000Kb used=1146Kb max_used=1146Kb free=118853Kb
 bounds [0x0000022dae650000, 0x0000022dae8c0000, 0x0000022db5b80000]
CodeHeap 'non-nmethods': size=5760Kb used=1194Kb max_used=1211Kb free=4566Kb
 bounds [0x0000022db5b80000, 0x0000022db5df0000, 0x0000022db6120000]
CodeCache: size=245760Kb, used=2631Kb, max_used=2648Kb, free=243127Kb
 total_blobs=1181, nmethods=739, adapters=349, full_count=0
Compilation: enabled, stopped_count=0, restarted_count=0

Compilation events (20 events):
Event: 2.213 Thread 0x0000022dab3be910 nmethod 722 0x0000022dae762d10 code [0x0000022dae762ec0, 0x0000022dae762ff8]
Event: 2.215 Thread 0x0000022dab345600  724       4       lombok.patcher.scripts.MethodLevelPatchScript::patch (21 bytes)
Event: 2.215 Thread 0x0000022e03d70380  725       4       lombok.patcher.PatchScript::classMatches (41 bytes)
Event: 2.218 Thread 0x0000022dab3be910  728       3       java.lang.String::toLowerCase (29 bytes)
Event: 2.218 Thread 0x0000022dab3be910 nmethod 728 0x0000022dae763090 code [0x0000022dae763260, 0x0000022dae763518]
Event: 2.218 Thread 0x0000022dab3be910  730       3       java.util.HashMap::putVal (300 bytes)
Event: 2.219 Thread 0x0000022dab3be910 nmethod 730 0x0000022dae763610 code [0x0000022dae7638c0, 0x0000022dae764978]
Event: 2.219 Thread 0x0000022dab3be910  729       1       java.util.LinkedHashMap::removeEldestEntry (2 bytes)
Event: 2.219 Thread 0x0000022dab3be910 nmethod 729 0x0000022db6167510 code [0x0000022db61676a0, 0x0000022db6167768]
Event: 2.219 Thread 0x0000022dab3be910  732       3       java.security.Provider$ServiceKey::<init> (39 bytes)
Event: 2.220 Thread 0x0000022dab3be910 nmethod 732 0x0000022dae764e10 code [0x0000022dae765000, 0x0000022dae765440]
Event: 2.220 Thread 0x0000022dab3be910  733       1       java.security.Provider$UString::toString (5 bytes)
Event: 2.220 Thread 0x0000022dab3be910 nmethod 733 0x0000022db6167810 code [0x0000022db61679a0, 0x0000022db6167a68]
Event: 2.220 Thread 0x0000022dab3be910  734       1       java.security.Provider$Service::getProvider (5 bytes)
Event: 2.220 Thread 0x0000022dab3be910 nmethod 734 0x0000022db6167b10 code [0x0000022db6167ca0, 0x0000022db6167d68]
Event: 2.220 Thread 0x0000022dab3be910  735       1       java.security.Provider$Service::getClassName (5 bytes)
Event: 2.220 Thread 0x0000022dab3be910 nmethod 735 0x0000022db6167e10 code [0x0000022db6167fa0, 0x0000022db6168068]
Event: 2.222 Thread 0x0000022dab3be910  737       3       sun.security.provider.SHA2::implCompress0 (448 bytes)
Event: 2.225 Thread 0x0000022dab3be910 nmethod 737 0x0000022dae765610 code [0x0000022dae765860, 0x0000022dae766410]
Event: 2.227 Thread 0x0000022dab3be910  739       3       sun.security.provider.ByteArrayAccess::b2iBig64 (231 bytes)

GC Heap History (0 events):
No events

Dll operation events (8 events):
Event: 0.121 Loaded shared library c:\Users\Asus\.vscode\extensions\redhat.java-1.53.0-win32-x64\jre\21.0.10-win32-x86_64\bin\java.dll
Event: 0.358 Loaded shared library c:\Users\Asus\.vscode\extensions\redhat.java-1.53.0-win32-x64\jre\21.0.10-win32-x86_64\bin\zip.dll
Event: 0.412 Loaded shared library C:\Users\Asus\.vscode\extensions\redhat.java-1.53.0-win32-x64\jre\21.0.10-win32-x86_64\bin\instrument.dll
Event: 0.514 Loaded shared library C:\Users\Asus\.vscode\extensions\redhat.java-1.53.0-win32-x64\jre\21.0.10-win32-x86_64\bin\net.dll
Event: 0.638 Loaded shared library C:\Users\Asus\.vscode\extensions\redhat.java-1.53.0-win32-x64\jre\21.0.10-win32-x86_64\bin\nio.dll
Event: 0.650 Loaded shared library C:\Users\Asus\.vscode\extensions\redhat.java-1.53.0-win32-x64\jre\21.0.10-win32-x86_64\bin\zip.dll
Event: 0.684 Loaded shared library C:\Users\Asus\.vscode\extensions\redhat.java-1.53.0-win32-x64\jre\21.0.10-win32-x86_64\bin\jimage.dll
Event: 0.962 Loaded shared library c:\Users\Asus\.vscode\extensions\redhat.java-1.53.0-win32-x64\jre\21.0.10-win32-x86_64\bin\verify.dll

Deoptimization events (20 events):
Event: 2.082 Thread 0x0000022dab44b650 DEOPT PACKING pc=0x0000022dae74e784 sp=0x0000008843afd5e0
Event: 2.082 Thread 0x0000022dab44b650 DEOPT UNPACKING pc=0x0000022db5bd78e2 sp=0x0000008843afca38 mode 0
Event: 2.083 Thread 0x0000022dab44b650 DEOPT PACKING pc=0x0000022dae74e784 sp=0x0000008843afd5e0
Event: 2.083 Thread 0x0000022dab44b650 DEOPT UNPACKING pc=0x0000022db5bd78e2 sp=0x0000008843afca38 mode 0
Event: 2.085 Thread 0x0000022dab44b650 Uncommon trap: trap_request=0xffffffde fr.pc=0x0000022db61573cc relative=0x000000000000012c
Event: 2.085 Thread 0x0000022dab44b650 Uncommon trap: reason=class_check action=maybe_recompile pc=0x0000022db61573cc method=jdk.internal.misc.Unsafe.allocateUninitializedArray(Ljava/lang/Class;I)Ljava/lang/Object; @ 51 c2
Event: 2.085 Thread 0x0000022dab44b650 DEOPT PACKING pc=0x0000022db61573cc sp=0x0000008843afd910
Event: 2.086 Thread 0x0000022dab44b650 DEOPT UNPACKING pc=0x0000022db5bd6da2 sp=0x0000008843afd8a0 mode 2
Event: 2.086 Thread 0x0000022dab44b650 Uncommon trap: trap_request=0xffffffde fr.pc=0x0000022db61573cc relative=0x000000000000012c
Event: 2.086 Thread 0x0000022dab44b650 Uncommon trap: reason=class_check action=maybe_recompile pc=0x0000022db61573cc method=jdk.internal.misc.Unsafe.allocateUninitializedArray(Ljava/lang/Class;I)Ljava/lang/Object; @ 51 c2
Event: 2.086 Thread 0x0000022dab44b650 DEOPT PACKING pc=0x0000022db61573cc sp=0x0000008843afd910
Event: 2.086 Thread 0x0000022dab44b650 DEOPT UNPACKING pc=0x0000022db5bd6da2 sp=0x0000008843afd8a0 mode 2
Event: 2.095 Thread 0x0000022dab44b650 Uncommon trap: trap_request=0xffffff45 fr.pc=0x0000022db61519a4 relative=0x0000000000000864
Event: 2.095 Thread 0x0000022dab44b650 Uncommon trap: reason=unstable_if action=reinterpret pc=0x0000022db61519a4 method=java.util.HashMap.putVal(ILjava/lang/Object;Ljava/lang/Object;ZZ)Ljava/lang/Object; @ 81 c2
Event: 2.095 Thread 0x0000022dab44b650 DEOPT PACKING pc=0x0000022db61519a4 sp=0x0000008843afdbf0
Event: 2.095 Thread 0x0000022dab44b650 DEOPT UNPACKING pc=0x0000022db5bd6da2 sp=0x0000008843afdba0 mode 2
Event: 2.179 Thread 0x0000022dab44b650 Uncommon trap: trap_request=0xffffff6e fr.pc=0x0000022db6162de8 relative=0x0000000000000348
Event: 2.179 Thread 0x0000022dab44b650 Uncommon trap: reason=loop_limit_check action=maybe_recompile pc=0x0000022db6162de8 method=java.math.BigInteger.implMulAdd([I[IIII)I @ 26 c2
Event: 2.179 Thread 0x0000022dab44b650 DEOPT PACKING pc=0x0000022db6162de8 sp=0x0000008843afd6b0
Event: 2.179 Thread 0x0000022dab44b650 DEOPT UNPACKING pc=0x0000022db5bd6da2 sp=0x0000008843afd600 mode 2

Classes loaded (20 events):
Event: 2.211 Loading class java/security/interfaces/ECKey
Event: 2.211 Loading class java/security/interfaces/ECKey done
Event: 2.211 Loading class java/security/interfaces/XECKey
Event: 2.212 Loading class java/security/interfaces/XECKey done
Event: 2.212 Loading class sun/security/util/KeyUtil
Event: 2.212 Loading class sun/security/util/KeyUtil done
Event: 2.212 Loading class sun/security/util/Length
Event: 2.212 Loading class sun/security/util/Length done
Event: 2.212 Loading class javax/crypto/SecretKey
Event: 2.213 Loading class javax/crypto/SecretKey done
Event: 2.215 Loading class java/util/Base64
Event: 2.216 Loading class java/util/Base64 done
Event: 2.216 Loading class java/util/Base64$Decoder
Event: 2.216 Loading class java/util/Base64$Decoder done
Event: 2.216 Loading class java/util/Base64$Encoder
Event: 2.216 Loading class java/util/Base64$Encoder done
Event: 2.217 Loading class java/util/jar/JarVerifier$VerifierStream
Event: 2.217 Loading class java/util/jar/JarVerifier$VerifierStream done
Event: 2.217 Loading class sun/security/util/ManifestEntryVerifier$SunProviderHolder
Event: 2.218 Loading class sun/security/util/ManifestEntryVerifier$SunProviderHolder done

Classes unloaded (0 events):
No events

Classes redefined (0 events):
No events

Internal exceptions (12 events):
Event: 0.352 Thread 0x0000022dab44b650 Exception <a 'java/lang/NoSuchMethodError'{0x00000000d57a9008}: 'void java.lang.invoke.DirectMethodHandle$Holder.invokeStatic(java.lang.Object, java.lang.Object, java.lang.Object)'> (0x00000000d57a9008) 
thrown [s\src\hotspot\share\interpreter\linkResolver.cpp, line 773]
Event: 0.673 Thread 0x0000022dab44b650 Exception <a 'java/lang/NoSuchMethodError'{0x00000000d5912038}: 'java.lang.Object java.lang.invoke.Invokers$Holder.invokeExact_MT(java.lang.Object, java.lang.Object, java.lang.Object, java.lang.Object, java.lang.Object)'> (0x00000000d5912038) 
thrown [s\src\hotspot\share\interpreter\linkResolver.cpp, line 773]
Event: 0.782 Thread 0x0000022dab44b650 Exception <a 'java/lang/NoSuchMethodError'{0x00000000d59ca1f8}: 'int java.lang.invoke.DirectMethodHandle$Holder.invokeSpecial(java.lang.Object, java.lang.Object, java.lang.Object, int)'> (0x00000000d59ca1f8) 
thrown [s\src\hotspot\share\interpreter\linkResolver.cpp, line 773]
Event: 0.786 Thread 0x0000022dab44b650 Exception <a 'java/lang/NoSuchMethodError'{0x00000000d59dcbe0}: 'java.lang.Object java.lang.invoke.DirectMethodHandle$Holder.invokeStatic(java.lang.Object, java.lang.Object, java.lang.Object, java.lang.Object, int)'> (0x00000000d59dcbe0) 
thrown [s\src\hotspot\share\interpreter\linkResolver.cpp, line 773]
Event: 0.787 Thread 0x0000022dab44b650 Exception <a 'java/lang/NoSuchMethodError'{0x00000000d59e8020}: 'void java.lang.invoke.DelegatingMethodHandle$Holder.reinvoke_L(java.lang.Object, java.lang.Object, java.lang.Object, int, java.lang.Object)'> (0x00000000d59e8020) 
thrown [s\src\hotspot\share\interpreter\linkResolver.cpp, line 773]
Event: 0.797 Thread 0x0000022dab44b650 Exception <a 'java/lang/NoSuchMethodError'{0x00000000d59f8970}: 'int java.lang.invoke.DirectMethodHandle$Holder.invokeSpecial(java.lang.Object, java.lang.Object, java.lang.Object)'> (0x00000000d59f8970) 
thrown [s\src\hotspot\share\interpreter\linkResolver.cpp, line 773]
Event: 0.799 Thread 0x0000022dab44b650 Exception <a 'java/lang/NoSuchMethodError'{0x00000000d5a04630}: 'java.lang.Object java.lang.invoke.DirectMethodHandle$Holder.invokeStatic(java.lang.Object, java.lang.Object, int)'> (0x00000000d5a04630) 
thrown [s\src\hotspot\share\interpreter\linkResolver.cpp, line 773]
Event: 0.800 Thread 0x0000022dab44b650 Exception <a 'java/lang/NoSuchMethodError'{0x00000000d5a08f80}: 'void java.lang.invoke.DirectMethodHandle$Holder.invokeStatic(java.lang.Object, java.lang.Object, int, java.lang.Object)'> (0x00000000d5a08f80) 
thrown [s\src\hotspot\share\interpreter\linkResolver.cpp, line 773]
Event: 0.801 Thread 0x0000022dab44b650 Exception <a 'java/lang/NoSuchMethodError'{0x00000000d5a0cb10}: 'void java.lang.invoke.DirectMethodHandle$Holder.invokeSpecial(java.lang.Object, java.lang.Object, java.lang.Object, int, java.lang.Object)'> (0x00000000d5a0cb10) 
thrown [s\src\hotspot\share\interpreter\linkResolver.cpp, line 773]
Event: 0.801 Thread 0x0000022dab44b650 Exception <a 'java/lang/NoSuchMethodError'{0x00000000d5a0ff80}: 'void java.lang.invoke.DelegatingMethodHandle$Holder.delegate(java.lang.Object, java.lang.Object, int, java.lang.Object)'> (0x00000000d5a0ff80) 
thrown [s\src\hotspot\share\interpreter\linkResolver.cpp, line 773]
Event: 1.041 Thread 0x0000022dab44b650 Exception <a 'java/lang/NoSuchMethodError'{0x00000000d5bd0218}: 'void java.lang.invoke.DelegatingMethodHandle$Holder.reinvoke_L(java.lang.Object, java.lang.Object, java.lang.Object, int)'> (0x00000000d5bd0218) 
thrown [s\src\hotspot\share\interpreter\linkResolver.cpp, line 773]
Event: 1.669 Thread 0x0000022dab44b650 Exception <a 'java/lang/NoSuchMethodError'{0x00000000d6060d20}: 'void java.lang.invoke.DirectMethodHandle$Holder.invokeVirtual(java.lang.Object, java.lang.Object)'> (0x00000000d6060d20) 
thrown [s\src\hotspot\share\interpreter\linkResolver.cpp, line 773]

ZGC Phase Switch (0 events):
No events

VM Operations (8 events):
Event: 0.356 Executing non-safepoint VM operation: HandshakeAllThreads (Deoptimize)
Event: 0.357 Executing non-safepoint VM operation: HandshakeAllThreads (Deoptimize) done
Event: 0.730 Executing non-safepoint VM operation: HandshakeAllThreads (Deoptimize)
Event: 0.730 Executing non-safepoint VM operation: HandshakeAllThreads (Deoptimize) done
Event: 1.737 Executing safepoint VM operation: Cleanup
Event: 1.752 Executing safepoint VM operation: Cleanup done
Event: 2.214 Executing non-safepoint VM operation: HandshakeAllThreads (Deoptimize)
Event: 2.214 Executing non-safepoint VM operation: HandshakeAllThreads (Deoptimize) done

Memory protections (0 events):
No events

Nmethod flushes (0 events):
No events

Events (14 events):
Event: 0.158 Thread 0x0000022dab44b650 Thread added: 0x0000022dab44b650
Event: 0.186 Thread 0x0000022dab44b650 Thread added: 0x0000022dab338890
Event: 0.186 Thread 0x0000022dab44b650 Thread added: 0x0000022dab33bc20
Event: 0.197 Thread 0x0000022dab44b650 Thread added: 0x0000022dab33e780
Event: 0.197 Thread 0x0000022dab44b650 Thread added: 0x0000022dab3412f0
Event: 0.197 Thread 0x0000022dab44b650 Thread added: 0x0000022dab341d50
Event: 0.197 Thread 0x0000022dab44b650 Thread added: 0x0000022dab3427b0
Event: 0.198 Thread 0x0000022dab44b650 Thread added: 0x0000022dab345600
Event: 0.215 Thread 0x0000022dab44b650 Thread added: 0x0000022dab3be910
Event: 0.415 Thread 0x0000022dab44b650 Thread added: 0x0000022e03bd7ee0
Event: 0.864 Thread 0x0000022dab345600 Thread added: 0x0000022e03d12540
Event: 0.970 Thread 0x0000022e03d12540 Thread exited: 0x0000022e03d12540
Event: 1.216 Thread 0x0000022dab44b650 Thread added: 0x0000022e03d3c4a0
Event: 2.068 Thread 0x0000022dab3be910 Thread added: 0x0000022e03d70380


Dynamic libraries:
0x00007ff727360000 - 0x00007ff72736e000 	c:\Users\Asus\.vscode\extensions\redhat.java-1.53.0-win32-x64\jre\21.0.10-win32-x86_64\bin\java.exe
0x00007ffdc6080000 - 0x00007ffdc62e8000 	C:\WINDOWS\SYSTEM32\ntdll.dll
0x00007ffdc58b0000 - 0x00007ffdc5979000 	C:\WINDOWS\System32\KERNEL32.DLL
0x00007ffdc3310000 - 0x00007ffdc3708000 	C:\WINDOWS\System32\KERNELBASE.dll
0x00007ffdc3b20000 - 0x00007ffdc3c6b000 	C:\WINDOWS\System32\ucrtbase.dll
0x00007ffdbfd70000 - 0x00007ffdbfd88000 	c:\Users\Asus\.vscode\extensions\redhat.java-1.53.0-win32-x64\jre\21.0.10-win32-x86_64\bin\jli.dll
0x00007ffdc54e0000 - 0x00007ffdc56a7000 	C:\WINDOWS\System32\USER32.dll
0x00007ffdc3c70000 - 0x00007ffdc3c97000 	C:\WINDOWS\System32\win32u.dll
0x00007ffdc5aa0000 - 0x00007ffdc5acb000 	C:\WINDOWS\System32\GDI32.dll
0x00007ffdc3940000 - 0x00007ffdc3a6c000 	C:\WINDOWS\System32\gdi32full.dll
0x00007ffdc3a70000 - 0x00007ffdc3b13000 	C:\WINDOWS\System32\msvcp_win.dll
0x00007ffdbb230000 - 0x00007ffdbb24e000 	c:\Users\Asus\.vscode\extensions\redhat.java-1.53.0-win32-x64\jre\21.0.10-win32-x86_64\bin\VCRUNTIME140.dll
0x00007ffdab870000 - 0x00007ffdabb04000 	C:\WINDOWS\WinSxS\amd64_microsoft.windows.common-controls_6595b64144ccf1df_6.0.26100.7019_none_3e06ffa0e335b8a8\COMCTL32.dll
0x00007ffdc42b0000 - 0x00007ffdc4359000 	C:\WINDOWS\System32\msvcrt.dll
0x00007ffdc6000000 - 0x00007ffdc6031000 	C:\WINDOWS\System32\IMM32.DLL
0x00007ffdbfcd0000 - 0x00007ffdbfcdc000 	c:\Users\Asus\.vscode\extensions\redhat.java-1.53.0-win32-x64\jre\21.0.10-win32-x86_64\bin\vcruntime140_1.dll
0x00007ffd87350000 - 0x00007ffd873dd000 	c:\Users\Asus\.vscode\extensions\redhat.java-1.53.0-win32-x64\jre\21.0.10-win32-x86_64\bin\msvcp140.dll
0x00007ffd48bd0000 - 0x00007ffd49971000 	c:\Users\Asus\.vscode\extensions\redhat.java-1.53.0-win32-x64\jre\21.0.10-win32-x86_64\bin\server\jvm.dll
0x00007ffdc4da0000 - 0x00007ffdc4e54000 	C:\WINDOWS\System32\ADVAPI32.dll
0x00007ffdc4f50000 - 0x00007ffdc4ff6000 	C:\WINDOWS\System32\sechost.dll
0x00007ffdc5c70000 - 0x00007ffdc5d88000 	C:\WINDOWS\System32\RPCRT4.dll
0x00007ffdc5990000 - 0x00007ffdc5a04000 	C:\WINDOWS\System32\WS2_32.dll
0x00007ffdc3030000 - 0x00007ffdc308e000 	C:\WINDOWS\SYSTEM32\POWRPROF.dll
0x00007ffdb8490000 - 0x00007ffdb84c5000 	C:\WINDOWS\SYSTEM32\WINMM.dll
0x00007ffdacce0000 - 0x00007ffdacceb000 	C:\WINDOWS\SYSTEM32\VERSION.dll
0x00007ffdc3010000 - 0x00007ffdc3024000 	C:\WINDOWS\SYSTEM32\UMPDC.dll
0x00007ffdc1f90000 - 0x00007ffdc1fab000 	C:\WINDOWS\SYSTEM32\kernel.appcore.dll
0x00007ffdb1640000 - 0x00007ffdb164a000 	c:\Users\Asus\.vscode\extensions\redhat.java-1.53.0-win32-x64\jre\21.0.10-win32-x86_64\bin\jimage.dll
0x00007ffdc0920000 - 0x00007ffdc0b62000 	C:\WINDOWS\SYSTEM32\DBGHELP.DLL
0x00007ffdc5150000 - 0x00007ffdc54db000 	C:\WINDOWS\System32\combase.dll
0x00007ffdc57b0000 - 0x00007ffdc5887000 	C:\WINDOWS\System32\OLEAUT32.dll
0x00007ffda3920000 - 0x00007ffda395c000 	C:\WINDOWS\SYSTEM32\dbgcore.DLL
0x00007ffdc31d0000 - 0x00007ffdc3275000 	C:\WINDOWS\System32\bcryptPrimitives.dll
0x00007ffdb08b0000 - 0x00007ffdb08bf000 	c:\Users\Asus\.vscode\extensions\redhat.java-1.53.0-win32-x64\jre\21.0.10-win32-x86_64\bin\instrument.dll
0x00007ffdabbf0000 - 0x00007ffdabc10000 	c:\Users\Asus\.vscode\extensions\redhat.java-1.53.0-win32-x64\jre\21.0.10-win32-x86_64\bin\java.dll
0x00007ffdc4640000 - 0x00007ffdc4d91000 	C:\WINDOWS\System32\SHELL32.dll
0x00007ffdc3710000 - 0x00007ffdc387b000 	C:\WINDOWS\System32\wintypes.dll
0x00007ffdc0dd0000 - 0x00007ffdc162d000 	C:\WINDOWS\SYSTEM32\windows.storage.dll
0x00007ffdc5000000 - 0x00007ffdc50f2000 	C:\WINDOWS\System32\SHCORE.dll
0x00007ffdc5f90000 - 0x00007ffdc5ff7000 	C:\WINDOWS\System32\shlwapi.dll
0x00007ffdc30f0000 - 0x00007ffdc3119000 	C:\WINDOWS\SYSTEM32\profapi.dll
0x00007ffdaa8a0000 - 0x00007ffdaa8b8000 	c:\Users\Asus\.vscode\extensions\redhat.java-1.53.0-win32-x64\jre\21.0.10-win32-x86_64\bin\zip.dll
0x00007ffdb0240000 - 0x00007ffdb0250000 	C:\Users\Asus\.vscode\extensions\redhat.java-1.53.0-win32-x64\jre\21.0.10-win32-x86_64\bin\net.dll
0x00007ffdb13b0000 - 0x00007ffdb14d8000 	C:\WINDOWS\SYSTEM32\WINHTTP.dll
0x00007ffdc2500000 - 0x00007ffdc256b000 	C:\WINDOWS\system32\mswsock.dll
0x00007ffdaaf30000 - 0x00007ffdaaf46000 	C:\Users\Asus\.vscode\extensions\redhat.java-1.53.0-win32-x64\jre\21.0.10-win32-x86_64\bin\nio.dll
0x00007ffdb0180000 - 0x00007ffdb0190000 	c:\Users\Asus\.vscode\extensions\redhat.java-1.53.0-win32-x64\jre\21.0.10-win32-x86_64\bin\verify.dll

JVMTI agents:
c:\Users\Asus\.vscode\extensions\redhat.java-1.53.0-win32-x64\lombok\lombok-1.18.39-4050.jar path:c:\Users\Asus\.vscode\extensions\redhat.java-1.53.0-win32-x64\jre\21.0.10-win32-x86_64\bin\instrument.dll, loaded, initialized, instrumentlib options:none

dbghelp: loaded successfully - version: 4.0.5 - missing functions: none
symbol engine: initialized successfully - sym options: 0x614 - pdb path: .;c:\Users\Asus\.vscode\extensions\redhat.java-1.53.0-win32-x64\jre\21.0.10-win32-x86_64\bin;C:\WINDOWS\SYSTEM32;C:\WINDOWS\WinSxS\amd64_microsoft.windows.common-controls_6595b64144ccf1df_6.0.26100.7019_none_3e06ffa0e335b8a8;c:\Users\Asus\.vscode\extensions\redhat.java-1.53.0-win32-x64\jre\21.0.10-win32-x86_64\bin\server

VM Arguments:
jvm_args: --add-modules=ALL-SYSTEM --add-opens=java.base/java.util=ALL-UNNAMED --add-opens=java.base/java.lang=ALL-UNNAMED --add-opens=java.base/sun.nio.fs=ALL-UNNAMED -Declipse.application=org.eclipse.jdt.ls.core.id1 -Dosgi.bundles.defaultStartLevel=4 -Declipse.product=org.eclipse.jdt.ls.core.product -Djava.import.generatesMetadataFilesAtProjectRoot=false -DDetectVMInstallationsJob.disabled=true -Dfile.encoding=utf8 -XX:+UseParallelGC -XX:GCTimeRatio=4 -XX:AdaptiveSizePolicyWeight=90 -Dsun.zip.disableMemoryMapping=true -Xmx2G -Xms100m -Xlog:disable -javaagent:c:\Users\Asus\.vscode\extensions\redhat.java-1.53.0-win32-x64\lombok\lombok-1.18.39-4050.jar 
java_command: c:\Users\Asus\.vscode\extensions\redhat.java-1.53.0-win32-x64\server\plugins\org.eclipse.equinox.launcher_1.7.100.v20251111-0406.jar -configuration c:\Users\Asus\AppData\Roaming\Code\User\globalStorage\redhat.java\1.53.0\config_ss_win -data c:\Users\Asus\AppData\Roaming\Code\User\workspaceStorage\63c021b6368e97f41da5c09954acc518\redhat.java\ss_ws --pipe=\\.\pipe\lsp-f3a33fd0165e9ce2ae8bfc719ab20ab8-sock
java_class_path (initial): c:\Users\Asus\.vscode\extensions\redhat.java-1.53.0-win32-x64\server\plugins\org.eclipse.equinox.launcher_1.7.100.v20251111-0406.jar
Launcher Type: SUN_STANDARD

[Global flags]
    uintx AdaptiveSizePolicyWeight                 = 90                                        {product} {command line}
     intx CICompilerCount                          = 3                                         {product} {ergonomic}
    uintx GCTimeRatio                              = 4                                         {product} {command line}
   size_t InitialHeapSize                          = 104857600                                 {product} {command line}
   size_t MaxHeapSize                              = 2147483648                                {product} {command line}
   size_t MaxNewSize                               = 715653120                                 {product} {ergonomic}
   size_t MinHeapDeltaBytes                        = 524288                                    {product} {ergonomic}
   size_t MinHeapSize                              = 104857600                                 {product} {command line}
   size_t NewSize                                  = 34603008                                  {product} {ergonomic}
    uintx NonNMethodCodeHeapSize                   = 5832780                                {pd product} {ergonomic}
    uintx NonProfiledCodeHeapSize                  = 122912730                              {pd product} {ergonomic}
   size_t OldSize                                  = 70254592                                  {product} {ergonomic}
    uintx ProfiledCodeHeapSize                     = 122912730                              {pd product} {ergonomic}
    uintx ReservedCodeCacheSize                    = 251658240                              {pd product} {ergonomic}
     bool SegmentedCodeCache                       = true                                      {product} {ergonomic}
   size_t SoftMaxHeapSize                          = 2147483648                             {manageable} {ergonomic}
     bool UseCompressedOops                        = true                           {product lp64_product} {ergonomic}
     bool UseLargePagesIndividualAllocation        = false                                  {pd product} {ergonomic}
     bool UseParallelGC                            = true                                      {product} {command line}

Logging:
Log output configuration:
 #0: stdout all=off uptime,level,tags foldmultilines=false
 #1: stderr all=off uptime,level,tags foldmultilines=false

Release file:
JAVA_VERSION="21.0.10" 
MODULES="java.base java.compiler java.datatransfer java.xml java.prefs java.desktop java.instrument java.logging java.management java.security.sasl java.naming java.rmi java.management.rmi java.net.http java.scripting java.security.jgss java.transaction.xa java.sql java.sql.rowset java.xml.crypto java.se java.smartcardio jdk.accessibility jdk.internal.jvmstat jdk.attach jdk.charsets jdk.internal.opt jdk.zipfs jdk.compiler jdk.crypto.ec jdk.crypto.cryptoki jdk.crypto.mscapi jdk.dynalink jdk.internal.ed jdk.editpad jdk.hotspot.agent jdk.httpserver jdk.internal.le jdk.internal.vm.ci jdk.internal.vm.compiler jdk.internal.vm.compiler.management jdk.jartool jdk.javadoc jdk.jcmd jdk.management jdk.management.agent jdk.jconsole jdk.jdeps jdk.jdwp.agent jdk.jdi jdk.jfr jdk.jshell jdk.jsobject jdk.jstatd jdk.localedata jdk.management.jfr jdk.naming.dns jdk.naming.rmi jdk.net jdk.nio.mapmode jdk.random jdk.sctp jdk.security.auth jdk.security.jgss jdk.unsupported jdk.unsupported.desktop jdk.xml.dom" 

Environment Variables:
JAVA_HOME=C:\Program Files\Eclipse Adoptium\jdk-17.0.18.8-hotspot\
PATH=D:\Microsoft VS Code;C:\Program Files\Eclipse Adoptium\jdk-17.0.18.8-hotspot\bin;C:\Users\Asus\AppData\Local\Microsoft\WindowsApps;C:\Program Files (x86)\Common Files\Oracle\Java\javapath;C:\WINDOWS\system32;C:\WINDOWS;C:\WINDOWS\System32\Wbem;C:\WINDOWS\System32\WindowsPowerShell\v1.0\;C:\WINDOWS\System32\OpenSSH\;C:\Program Files\PuTTY\;C:\Program Files\Docker\Docker\resources\bin;C:\Program Files\nodejs\;C:\php;C:\Users\Asus\Downloads\php;C:\xampp\mysql\bin;C:\Program Files\Git\cmd;C:\Users\Asus\miniconda3;C:\Users\Asus\miniconda3\Library\mingw-w64\bin;C:\Users\Asus\miniconda3\Library\usr\bin;C:\Users\Asus\miniconda3\Library\bin;C:\Users\Asus\miniconda3\Scripts;C:\Users\Asus\AppData\Local\Microsoft\WindowsApps;C:\msys64\ucrt64\bin;C:\msys64\ucrt64\bin;C:\Users\Asus\AppData\Local\Programs\Python\Launcher\;C:\Users\Asus\AppData\Local\Microsoft\WindowsApps;C:\Users\Asus\AppData\Roaming\npm;D:\Microsoft VS Code\bin
USERNAME=Asus
OS=Windows_NT
PROCESSOR_IDENTIFIER=Intel64 Family 6 Model 140 Stepping 1, GenuineIntel
TMP=C:\Users\Asus\AppData\Local\Temp
TEMP=C:\Users\Asus\AppData\Local\Temp




Periodic native trim disabled

---------------  S Y S T E M  ---------------

OS:
 Windows 11 , 64 bit Build 26100 (10.0.26100.7019)
OS uptime: 0 days 3:54 hours
Hyper-V role detected

CPU: total 4 (initial active 4) (2 cores per cpu, 2 threads per core) family 6 model 140 stepping 1 microcode 0xa4, cx8, cmov, fxsr, ht, mmx, 3dnowpref, sse, sse2, sse3, ssse3, sse4.1, sse4.2, popcnt, lzcnt, tsc, tscinvbit, avx, avx2, aes, erms, clmul, bmi1, bmi2, adx, avx512f, avx512dq, avx512cd, avx512bw, avx512vl, sha, fma, vzeroupper, avx512_vpopcntdq, avx512_vpclmulqdq, avx512_vaes, avx512_vnni, clflush, clflushopt, clwb, avx512_vbmi2, avx512_vbmi, hv, rdtscp, rdpid, fsrm, gfni, avx512_bitalg, f16c, cet_ibt, cet_ss, avx512_ifma
Processor Information for the first 4 processors :
  Max Mhz: 2995, Current Mhz: 2995, Mhz Limit: 2995

Memory: 4k page, system-wide physical 7886M (508M free)
TotalPageFile size 15542M (AvailPageFile size 3M)
current process WorkingSet (physical memory assigned to process): 63M, peak: 64M
current process commit charge ("private bytes"): 219M, peak: 220M

vm_info: OpenJDK 64-Bit Server VM (21.0.10+7-LTS) for windows-amd64 JRE (21.0.10+7-LTS), built on 2026-01-20T00:00:00Z by "admin" with MS VC++ 17.12 (VS2022)

END.
