#
# There is insufficient memory for the Java Runtime Environment to continue.
# Native memory allocation (mmap) failed to map 65536 bytes. Error detail: Failed to commit metaspace.
# Possible reasons:
#   The system is out of physical RAM or swap space
#   This process is running with CompressedOops enabled, and the Java Heap may be blocking the growth of the native heap
# Possible solutions:
#   Reduce memory load on the system
#   Increase physical memory or swap space
#   Check if swap backing store is full
#   Decrease Java heap size (-Xmx/-Xms)
#   Decrease number of Java threads
#   Decrease Java thread stack sizes (-Xss)
#   Set larger code cache with -XX:ReservedCodeCacheSize=
#   JVM is running with Unscaled Compressed Oops mode in which the Java heap is
#     placed in the first 4GB address space. The Java Heap base address is the
#     maximum limit for the native heap growth. Please use -XX:HeapBaseMinAddress
#     to set the Java Heap base and to place the Java Heap above 4GB virtual address.
# This output file may be truncated or incomplete.
#
#  Out of Memory Error (virtualSpaceNode.cpp:113), pid=13500, tid=12840
#
# JRE version: OpenJDK Runtime Environment Temurin-21.0.10+7 (21.0.10+7) (build 21.0.10+7-LTS)
# Java VM: OpenJDK 64-Bit Server VM Temurin-21.0.10+7 (21.0.10+7-LTS, mixed mode, tiered, compressed oops, compressed class ptrs, parallel gc, windows-amd64)
# No core dump will be written. Minidumps are not enabled by default on client versions of Windows
#

---------------  S U M M A R Y ------------

Command Line: --add-modules=ALL-SYSTEM --add-opens=java.base/java.util=ALL-UNNAMED --add-opens=java.base/java.lang=ALL-UNNAMED --add-opens=java.base/sun.nio.fs=ALL-UNNAMED -Declipse.application=org.eclipse.jdt.ls.core.id1 -Dosgi.bundles.defaultStartLevel=4 -Declipse.product=org.eclipse.jdt.ls.core.product -Djava.import.generatesMetadataFilesAtProjectRoot=false -DDetectVMInstallationsJob.disabled=true -Dfile.encoding=utf8 -XX:+UseParallelGC -XX:GCTimeRatio=4 -XX:AdaptiveSizePolicyWeight=90 -Dsun.zip.disableMemoryMapping=true -Xmx2G -Xms100m -Xlog:disable -javaagent:c:\Users\Asus\.vscode\extensions\redhat.java-1.53.0-win32-x64\lombok\lombok-1.18.39-4050.jar -XX:+HeapDumpOnOutOfMemoryError -XX:HeapDumpPath=c:\Users\Asus\AppData\Roaming\Code\User\workspaceStorage\63c021b6368e97f41da5c09954acc518\redhat.java -Daether.dependencyCollector.impl=bf c:\Users\Asus\.vscode\extensions\redhat.java-1.53.0-win32-x64\server\plugins\org.eclipse.equinox.launcher_1.7.100.v20251111-0406.jar -configuration c:\Users\Asus\AppData\Roaming\Code\User\globalStorage\redhat.java\1.53.0\config_win -data c:\Users\Asus\AppData\Roaming\Code\User\workspaceStorage\63c021b6368e97f41da5c09954acc518\redhat.java\jdt_ws --pipe=\\.\pipe\lsp-687432833ccd4148ed1bd9fe71a14b2b-sock

Host: 11th Gen Intel(R) Core(TM) i3-1115G4 @ 3.00GHz, 4 cores, 7G,  Windows 11 , 64 bit Build 26100 (10.0.26100.7019)
Time: Wed Mar 18 13:31:59 2026 SE Asia Standard Time elapsed time: 2.139962 seconds (0d 0h 0m 2s)

---------------  T H R E A D  ---------------

Current thread (0x000001da3a289870):  JavaThread "main"             [_thread_in_vm, id=12840, stack(0x00000044ba800000,0x00000044ba900000) (1024K)]

Stack: [0x00000044ba800000,0x00000044ba900000]
Native frames: (J=compiled Java code, j=interpreted, Vv=VM code, C=native code)
V  [jvm.dll+0x6d7a39]
V  [jvm.dll+0x8b4b26]
V  [jvm.dll+0x8b70de]
V  [jvm.dll+0x8b77c3]
V  [jvm.dll+0x284346]
V  [jvm.dll+0x8b086e]
V  [jvm.dll+0x679444]
V  [jvm.dll+0x1e82bb]
V  [jvm.dll+0x1e807e]
V  [jvm.dll+0x67bd42]
V  [jvm.dll+0x67bb72]
V  [jvm.dll+0x679e1e]
V  [jvm.dll+0x281217]
V  [jvm.dll+0x72dd4f]
V  [jvm.dll+0x72e88f]
V  [jvm.dll+0x3cc641]
V  [jvm.dll+0x3cb417]
V  [jvm.dll+0x3cb3b8]
V  [jvm.dll+0x3dce7a]
C  0x000001da46bc9136

The last pc belongs to new (printed below).
Java frames: (J=compiled Java code, j=interpreted, Vv=VM code)
j  lombok.eclipse.agent.EclipseLoaderPatcher.patchEquinoxLoaders(Llombok/patcher/ScriptManager;Ljava/lang/Class;)V+94
j  lombok.eclipse.agent.EclipsePatcher.registerPatchScripts(Ljava/lang/instrument/Instrumentation;ZLjava/lang/Class;)V+44
j  lombok.eclipse.agent.EclipsePatcher.runAgent(Ljava/lang/String;Ljava/lang/instrument/Instrumentation;ZLjava/lang/Class;)V+4
j  lombok.core.AgentLauncher.runAgents(Ljava/lang/String;Ljava/lang/instrument/Instrumentation;ZLjava/lang/Class;)V+62
j  java.lang.invoke.LambdaForm$DMH+0x00000001000c3800.invokeStatic(Ljava/lang/Object;Ljava/lang/Object;Ljava/lang/Object;ILjava/lang/Object;)V+16 java.base@21.0.10
j  java.lang.invoke.LambdaForm$MH+0x00000001000c7c00.invoke(Ljava/lang/Object;Ljava/lang/Object;Ljava/lang/Object;)Ljava/lang/Object;+124 java.base@21.0.10
j  java.lang.invoke.Invokers$Holder.invokeExact_MT(Ljava/lang/Object;Ljava/lang/Object;Ljava/lang/Object;Ljava/lang/Object;)Ljava/lang/Object;+20 java.base@21.0.10
j  jdk.internal.reflect.DirectMethodHandleAccessor.invokeImpl(Ljava/lang/Object;[Ljava/lang/Object;)Ljava/lang/Object;+104 java.base@21.0.10
j  jdk.internal.reflect.DirectMethodHandleAccessor.invoke(Ljava/lang/Object;[Ljava/lang/Object;)Ljava/lang/Object;+23 java.base@21.0.10
j  java.lang.reflect.Method.invoke(Ljava/lang/Object;[Ljava/lang/Object;)Ljava/lang/Object;+102 java.base@21.0.10
j  lombok.launch.Agent.runLauncher(Ljava/lang/String;Ljava/lang/instrument/Instrumentation;Z)V+73
j  lombok.launch.Agent.premain(Ljava/lang/String;Ljava/lang/instrument/Instrumentation;)V+3
j  java.lang.invoke.LambdaForm$DMH+0x0000000100000c00.invokeStatic(Ljava/lang/Object;Ljava/lang/Object;Ljava/lang/Object;)V+11 java.base@21.0.10
j  java.lang.invoke.LambdaForm$MH+0x00000001000c1800.invoke(Ljava/lang/Object;Ljava/lang/Object;Ljava/lang/Object;Ljava/lang/Object;)Ljava/lang/Object;+54 java.base@21.0.10
j  java.lang.invoke.LambdaForm$MH+0x00000001000c1c00.invokeExact_MT(Ljava/lang/Object;Ljava/lang/Object;Ljava/lang/Object;Ljava/lang/Object;Ljava/lang/Object;)Ljava/lang/Object;+22 java.base@21.0.10
j  jdk.internal.reflect.DirectMethodHandleAccessor.invokeImpl(Ljava/lang/Object;[Ljava/lang/Object;)Ljava/lang/Object;+72 java.base@21.0.10
j  jdk.internal.reflect.DirectMethodHandleAccessor.invoke(Ljava/lang/Object;[Ljava/lang/Object;)Ljava/lang/Object;+23 java.base@21.0.10
j  java.lang.reflect.Method.invoke(Ljava/lang/Object;[Ljava/lang/Object;)Ljava/lang/Object;+102 java.base@21.0.10
j  sun.instrument.InstrumentationImpl.loadClassAndStartAgent(Ljava/lang/String;Ljava/lang/String;Ljava/lang/String;)V+165 java.instrument@21.0.10
j  sun.instrument.InstrumentationImpl.loadClassAndCallPremain(Ljava/lang/String;Ljava/lang/String;)V+6 java.instrument@21.0.10
v  ~StubRoutines::call_stub 0x000001da46bb10e7
new  187 new  [0x000001da46bc8fc0, 0x000001da46bc91c0]  512 bytes
[MachCode]
  0x000001da46bc8fc0: 4883 ec08 | c5fa 1104 | 24eb 1f48 | 83ec 10c5 | fb11 0424 | eb14 4883 | ec10 4889 | 0424 48c7 
  0x000001da46bc8fe0: 4424 0800 | 0000 00eb | 0150 410f | b755 010f | cac1 ea10 | 488b 4de8 | 488b 4908 | 488b 4908 
  0x000001da46bc9000: 488b 4108 | 807c 1004 | 070f 85ca | 0000 0066 | 8b54 d148 | 488b 4928 | 488b 4cd1 | 0851 80b9 
  0x000001da46bc9020: 3101 0000 | 040f 85ad | 0000 008b | 5108 f6c2 | 010f 85a1 | 0000 0049 | 8b87 b801 | 0000 488d 
  0x000001da46bc9040: 1c10 493b | 9fc8 0100 | 000f 8789 | 0000 0049 | 899f b801 | 0000 4883 | ea10 0f84 | 0f00 0000 
  0x000001da46bc9060: 33c9 c1ea | 0348 894c | d008 48ff | ca75 f648 | c700 0100 | 0000 5933 | f689 700c | 48c1 e903 
  0x000001da46bc9080: 8948 0849 | bac7 5c87 | 49fd 7f00 | 0041 803a | 000f 843c | 0000 0050 | 488b c848 | 83ec 2040 
  0x000001da46bc90a0: f6c4 0f0f | 8419 0000 | 0048 83ec | 0848 b890 | e130 49fd | 7f00 00ff | d048 83c4 | 08e9 0c00 
  0x000001da46bc90c0: 0000 48b8 | 90e1 3049 | fd7f 0000 | ffd0 4883 | c420 58e9 | cb00 0000 | 5948 8b55 | e848 8b52 
  0x000001da46bc90e0: 0848 8b52 | 0845 0fb7 | 4501 410f | c841 c1e8 | 10e8 0500 | 0000 e9a8 | 0000 0048 | 8d44 2408 
  0x000001da46bc9100: 4c89 6dc0 | 498b cfc5 | f877 4989 | afb0 0300 | 0049 8987 | a003 0000 | 4883 ec20 | 40f6 c40f 
  0x000001da46bc9120: 0f84 1900 | 0000 4883 | ec08 48b8 | f0cd fa48 | fd7f 0000 | ffd0 4883 | c408 e90c | 0000 0048 
  0x000001da46bc9140: b8f0 cdfa | 48fd 7f00 | 00ff d048 | 83c4 2049 | c787 a003 | 0000 0000 | 0000 49c7 | 87b0 0300 
  0x000001da46bc9160: 0000 0000 | 0049 c787 | a803 0000 | 0000 0000 | c5f8 7749 | 837f 0800 | 0f84 0500 | 0000 e97d 
  0x000001da46bc9180: 7dfe ff49 | 8b87 f803 | 0000 49c7 | 87f8 0300 | 0000 0000 | 004c 8b6d | c04c 8b75 | c84e 8d74 
  0x000001da46bc91a0: f500 c341 | 0fb6 5d03 | 4983 c503 | 49ba 1025 | 8a49 fd7f | 0000 41ff | 24da 660f | 1f44 0000 
[/MachCode]

---------------  P R O C E S S  ---------------

Threads class SMR info:
_java_thread_list=0x000001da57f26dc0, length=10, elements={
0x000001da3a289870, 0x000001da57bdf970, 0x000001da52f1d280, 0x000001da52f20dd0,
0x000001da52f21830, 0x000001da52f22290, 0x000001da52f2d560, 0x000001da52f2e2f0,
0x000001da57c3fed0, 0x000001da57eb06f0
}

Java Threads: ( => current thread )
=>0x000001da3a289870 JavaThread "main"                              [_thread_in_vm, id=12840, stack(0x00000044ba800000,0x00000044ba900000) (1024K)]
  0x000001da57bdf970 JavaThread "Reference Handler"          daemon [_thread_blocked, id=16300, stack(0x00000044bac00000,0x00000044bad00000) (1024K)]
  0x000001da52f1d280 JavaThread "Finalizer"                  daemon [_thread_blocked, id=284, stack(0x00000044bad00000,0x00000044bae00000) (1024K)]
  0x000001da52f20dd0 JavaThread "Signal Dispatcher"          daemon [_thread_blocked, id=11000, stack(0x00000044bae00000,0x00000044baf00000) (1024K)]
  0x000001da52f21830 JavaThread "Attach Listener"            daemon [_thread_blocked, id=14416, stack(0x00000044baf00000,0x00000044bb000000) (1024K)]
  0x000001da52f22290 JavaThread "Service Thread"             daemon [_thread_blocked, id=3968, stack(0x00000044bb000000,0x00000044bb100000) (1024K)]
  0x000001da52f2d560 JavaThread "Monitor Deflation Thread"   daemon [_thread_blocked, id=2176, stack(0x00000044bb100000,0x00000044bb200000) (1024K)]
  0x000001da52f2e2f0 JavaThread "C2 CompilerThread0"         daemon [_thread_blocked, id=1068, stack(0x00000044bb200000,0x00000044bb300000) (1024K)]
  0x000001da57c3fed0 JavaThread "C1 CompilerThread0"         daemon [_thread_blocked, id=2040, stack(0x00000044bb300000,0x00000044bb400000) (1024K)]
  0x000001da57eb06f0 JavaThread "Common-Cleaner"             daemon [_thread_blocked, id=1764, stack(0x00000044bb400000,0x00000044bb500000) (1024K)]
Total: 10

Other Threads:
  0x000001da52ecf810 VMThread "VM Thread"                           [id=2620, stack(0x00000044bab00000,0x00000044bac00000) (1024K)]
  0x000001da3c4eb3e0 WatcherThread "VM Periodic Task Thread"        [id=5336, stack(0x00000044baa00000,0x00000044bab00000) (1024K)]
  0x000001da3c49bc70 WorkerThread "GC Thread#0"                     [id=10516, stack(0x00000044ba900000,0x00000044baa00000) (1024K)]
Total: 3

Threads with active compile tasks:
Total: 0

VM state: not at safepoint (normal execution)

VM Mutex/Monitor currently owned by a thread:  ([mutex/lock_event])
[0x00007ffd4988c4e0] Metaspace_lock - owner thread: 0x000001da3a289870

Heap address: 0x0000000080000000, size: 2048 MB, Compressed Oops mode: 32-bit

CDS archive(s) not mapped
Compressed class space mapped at: 0x0000000100000000-0x0000000140000000, reserved size: 1073741824
Narrow klass base: 0x0000000000000000, Narrow klass shift: 3, Narrow klass range: 0x140000000

GC Precious Log:
 CardTable entry size: 512
 CPUs: 4 total, 4 available
 Memory: 7886M
 Large Page Support: Disabled
 NUMA Support: Disabled
 Compressed Oops: Enabled (32-bit)
 Alignments: Space 512K, Generation 512K, Heap 2M
 Heap Min Capacity: 100M
 Heap Initial Capacity: 100M
 Heap Max Capacity: 2G
 Pre-touch: Disabled
 Parallel Workers: 4

Heap:
 PSYoungGen      total 29696K, used 7637K [0x00000000d5580000, 0x00000000d7680000, 0x0000000100000000)
  eden space 25600K, 29% used [0x00000000d5580000,0x00000000d5cf5758,0x00000000d6e80000)
  from space 4096K, 0% used [0x00000000d7280000,0x00000000d7280000,0x00000000d7680000)
  to   space 4096K, 0% used [0x00000000d6e80000,0x00000000d6e80000,0x00000000d7280000)
 ParOldGen       total 68608K, used 0K [0x0000000080000000, 0x0000000084300000, 0x00000000d5580000)
  object space 68608K, 0% used [0x0000000080000000,0x0000000080000000,0x0000000084300000)
 Metaspace       used 7333K, committed 7488K, reserved 1114112K
  class space    used 688K, committed 768K, reserved 1048576K

Card table byte_map: [0x000001da3be40000,0x000001da3c250000] _byte_map_base: 0x000001da3ba40000

Marking Bits: (ParMarkBitMap*) 0x00007ffd49893450
 Begin Bits: [0x000001da4e930000, 0x000001da50930000)
 End Bits:   [0x000001da50930000, 0x000001da52930000)

Polling page: 0x000001da3a570000

Metaspace:

Usage:
  Non-class:      6.49 MB used.
      Class:    688.41 KB used.
       Both:      7.16 MB used.

Virtual space:
  Non-class space:       64.00 MB reserved,       6.56 MB ( 10%) committed,  1 nodes.
      Class space:        1.00 GB reserved,     768.00 KB ( <1%) committed,  1 nodes.
             Both:        1.06 GB reserved,       7.31 MB ( <1%) committed. 

Chunk freelists:
   Non-Class:  8.80 MB
       Class:  15.20 MB
        Both:  23.99 MB

MaxMetaspaceSize: unlimited
CompressedClassSpaceSize: 1.00 GB
Initial GC threshold: 21.00 MB
Current GC threshold: 21.00 MB
CDS: off
 - commit_granule_bytes: 65536.
 - commit_granule_words: 8192.
 - virtual_space_node_default_size: 8388608.
 - enlarge_chunks_in_place: 1.
 - use_allocation_guard: 0.


Internal statistics:

num_allocs_failed_limit: 0.
num_arena_births: 74.
num_arena_deaths: 0.
num_vsnodes_births: 2.
num_vsnodes_deaths: 0.
num_space_committed: 117.
num_space_uncommitted: 0.
num_chunks_returned_to_freelist: 0.
num_chunks_taken_from_freelist: 102.
num_chunk_merges: 0.
num_chunk_splits: 68.
num_chunks_enlarged: 42.
num_inconsistent_stats: 0.

CodeHeap 'non-profiled nmethods': size=120000Kb used=162Kb max_used=162Kb free=119837Kb
 bounds [0x000001da47150000, 0x000001da473c0000, 0x000001da4e680000]
CodeHeap 'profiled nmethods': size=120000Kb used=686Kb max_used=686Kb free=119313Kb
 bounds [0x000001da3f680000, 0x000001da3f8f0000, 0x000001da46bb0000]
CodeHeap 'non-nmethods': size=5760Kb used=1156Kb max_used=1170Kb free=4604Kb
 bounds [0x000001da46bb0000, 0x000001da46e20000, 0x000001da47150000]
CodeCache: size=245760Kb, used=2004Kb, max_used=2018Kb, free=243754Kb
 total_blobs=899, nmethods=504, adapters=302, full_count=0
Compilation: enabled, stopped_count=0, restarted_count=0

Compilation events (20 events):
Event: 2.116 Thread 0x000001da57c3fed0  495       3       java.net.URI$Parser::checkChars (44 bytes)
Event: 2.117 Thread 0x000001da57c3fed0 nmethod 495 0x000001da3f727290 code [0x000001da3f7274c0, 0x000001da3f727a98]
Event: 2.126 Thread 0x000001da52f2e2f0  496       4       jdk.internal.jimage.ImageLocation::readValue (61 bytes)
Event: 2.132 Thread 0x000001da52f2e2f0 nmethod 496 0x000001da47177d10 code [0x000001da47177ea0, 0x000001da47178068]
Event: 2.133 Thread 0x000001da57c3fed0  497       1       java.net.URI::getScheme (5 bytes)
Event: 2.133 Thread 0x000001da57c3fed0 nmethod 497 0x000001da47178190 code [0x000001da47178320, 0x000001da471783e8]
Event: 2.133 Thread 0x000001da57c3fed0  498       3       jdk.internal.util.ReferencedKeyMap::existingKey (32 bytes)
Event: 2.134 Thread 0x000001da57c3fed0 nmethod 498 0x000001da3f727d90 code [0x000001da3f728040, 0x000001da3f728de8]
Event: 2.134 Thread 0x000001da57c3fed0  499       3       jdk.internal.util.ReferencedKeyMap::internKey (57 bytes)
Event: 2.135 Thread 0x000001da57c3fed0 nmethod 499 0x000001da3f729290 code [0x000001da3f729520, 0x000001da3f72a198]
Event: 2.135 Thread 0x000001da57c3fed0  500   !   3       java.lang.invoke.MemberName$Factory::resolve (159 bytes)
Event: 2.135 Thread 0x000001da52f2e2f0  502       4       java.lang.String::checkIndex (10 bytes)
Event: 2.136 Thread 0x000001da57c3fed0 nmethod 500 0x000001da3f72a610 code [0x000001da3f72a840, 0x000001da3f72aeb8]
Event: 2.136 Thread 0x000001da57c3fed0  501       3       java.util.regex.Pattern::has (15 bytes)
Event: 2.136 Thread 0x000001da57c3fed0 nmethod 501 0x000001da3f72b190 code [0x000001da3f72b320, 0x000001da3f72b488]
Event: 2.136 Thread 0x000001da52f2e2f0 nmethod 502 0x000001da47178490 code [0x000001da47178620, 0x000001da471786c0]
Event: 2.137 Thread 0x000001da57c3fed0  503       3       java.io.WinNTFileSystem::isLetter (30 bytes)
Event: 2.137 Thread 0x000001da57c3fed0 nmethod 503 0x000001da3f72b510 code [0x000001da3f72b6c0, 0x000001da3f72b8b0]
Event: 2.138 Thread 0x000001da57c3fed0  504       1       java.security.ProtectionDomain::getCodeSource (5 bytes)
Event: 2.138 Thread 0x000001da57c3fed0 nmethod 504 0x000001da47178790 code [0x000001da47178920, 0x000001da471789e8]

GC Heap History (0 events):
No events

Dll operation events (8 events):
Event: 0.027 Loaded shared library c:\Users\Asus\.vscode\extensions\redhat.java-1.53.0-win32-x64\jre\21.0.10-win32-x86_64\bin\java.dll
Event: 0.059 Loaded shared library c:\Users\Asus\.vscode\extensions\redhat.java-1.53.0-win32-x64\jre\21.0.10-win32-x86_64\bin\zip.dll
Event: 0.858 Loaded shared library C:\Users\Asus\.vscode\extensions\redhat.java-1.53.0-win32-x64\jre\21.0.10-win32-x86_64\bin\instrument.dll
Event: 0.923 Loaded shared library C:\Users\Asus\.vscode\extensions\redhat.java-1.53.0-win32-x64\jre\21.0.10-win32-x86_64\bin\net.dll
Event: 0.926 Loaded shared library C:\Users\Asus\.vscode\extensions\redhat.java-1.53.0-win32-x64\jre\21.0.10-win32-x86_64\bin\nio.dll
Event: 1.102 Loaded shared library C:\Users\Asus\.vscode\extensions\redhat.java-1.53.0-win32-x64\jre\21.0.10-win32-x86_64\bin\zip.dll
Event: 1.187 Loaded shared library C:\Users\Asus\.vscode\extensions\redhat.java-1.53.0-win32-x64\jre\21.0.10-win32-x86_64\bin\jimage.dll
Event: 1.804 Loaded shared library c:\Users\Asus\.vscode\extensions\redhat.java-1.53.0-win32-x64\jre\21.0.10-win32-x86_64\bin\verify.dll

Deoptimization events (6 events):
Event: 0.802 Thread 0x000001da3a289870 Uncommon trap: trap_request=0xffffff45 fr.pc=0x000001da4715dc38 relative=0x0000000000000618
Event: 0.802 Thread 0x000001da3a289870 Uncommon trap: reason=unstable_if action=reinterpret pc=0x000001da4715dc38 method=java.util.HashMap.putVal(ILjava/lang/Object;Ljava/lang/Object;ZZ)Ljava/lang/Object; @ 69 c2
Event: 0.802 Thread 0x000001da3a289870 DEOPT PACKING pc=0x000001da4715dc38 sp=0x00000044ba8feaa0
Event: 0.802 Thread 0x000001da3a289870 DEOPT UNPACKING pc=0x000001da46c06da2 sp=0x00000044ba8fea10 mode 2
Event: 1.284 Thread 0x000001da3a289870 DEOPT PACKING pc=0x000001da3f6be149 sp=0x00000044ba8fe130
Event: 1.284 Thread 0x000001da3a289870 DEOPT UNPACKING pc=0x000001da46c078e2 sp=0x00000044ba8fd5b8 mode 0

Classes loaded (20 events):
Event: 2.133 Loading class java/util/regex/Pattern$BitClass
Event: 2.133 Loading class java/util/regex/Pattern$BitClass done
Event: 2.134 Loading class java/util/regex/Pattern$BranchConn
Event: 2.134 Loading class java/util/regex/Pattern$BranchConn done
Event: 2.134 Loading class java/util/regex/Pattern$Branch
Event: 2.134 Loading class java/util/regex/Pattern$Branch done
Event: 2.135 Loading class java/util/regex/Pattern$StartS
Event: 2.135 Loading class java/util/regex/Pattern$StartS done
Event: 2.135 Loading class java/util/regex/Pattern$Curly
Event: 2.135 Loading class java/util/regex/Pattern$Curly done
Event: 2.135 Loading class java/util/regex/Pattern$Ques
Event: 2.135 Loading class java/util/regex/Pattern$Ques done
Event: 2.135 Loading class java/util/regex/Pattern$Loop
Event: 2.135 Loading class java/util/regex/Pattern$Loop done
Event: 2.135 Loading class java/util/regex/Pattern$Prolog
Event: 2.135 Loading class java/util/regex/Pattern$Prolog done
Event: 2.135 Loading class java/util/regex/Pattern$Dollar
Event: 2.135 Loading class java/util/regex/Pattern$Dollar done
Event: 2.136 Loading class java/util/regex/Pattern$GroupCurly
Event: 2.136 Loading class java/util/regex/Pattern$GroupCurly done

Classes unloaded (0 events):
No events

Classes redefined (0 events):
No events

Internal exceptions (11 events):
Event: 0.755 Thread 0x000001da3a289870 Exception <a 'java/lang/NoSuchMethodError'{0x00000000d57b54c8}: 'void java.lang.invoke.DirectMethodHandle$Holder.invokeStatic(java.lang.Object, java.lang.Object, java.lang.Object)'> (0x00000000d57b54c8) 
thrown [s\src\hotspot\share\interpreter\linkResolver.cpp, line 773]
Event: 1.136 Thread 0x000001da3a289870 Exception <a 'java/lang/NoSuchMethodError'{0x00000000d591f478}: 'java.lang.Object java.lang.invoke.Invokers$Holder.invokeExact_MT(java.lang.Object, java.lang.Object, java.lang.Object, java.lang.Object, java.lang.Object)'> (0x00000000d591f478) 
thrown [s\src\hotspot\share\interpreter\linkResolver.cpp, line 773]
Event: 1.336 Thread 0x000001da3a289870 Exception <a 'java/lang/NoSuchMethodError'{0x00000000d59d7d80}: 'int java.lang.invoke.DirectMethodHandle$Holder.invokeSpecial(java.lang.Object, java.lang.Object, java.lang.Object, int)'> (0x00000000d59d7d80) 
thrown [s\src\hotspot\share\interpreter\linkResolver.cpp, line 773]
Event: 1.339 Thread 0x000001da3a289870 Exception <a 'java/lang/NoSuchMethodError'{0x00000000d59ea7d0}: 'java.lang.Object java.lang.invoke.DirectMethodHandle$Holder.invokeStatic(java.lang.Object, java.lang.Object, java.lang.Object, java.lang.Object, int)'> (0x00000000d59ea7d0) 
thrown [s\src\hotspot\share\interpreter\linkResolver.cpp, line 773]
Event: 1.341 Thread 0x000001da3a289870 Exception <a 'java/lang/NoSuchMethodError'{0x00000000d59f5c10}: 'void java.lang.invoke.DelegatingMethodHandle$Holder.reinvoke_L(java.lang.Object, java.lang.Object, java.lang.Object, int, java.lang.Object)'> (0x00000000d59f5c10) 
thrown [s\src\hotspot\share\interpreter\linkResolver.cpp, line 773]
Event: 1.342 Thread 0x000001da3a289870 Exception <a 'java/lang/NoSuchMethodError'{0x00000000d59f9648}: 'int java.lang.invoke.DirectMethodHandle$Holder.invokeSpecial(java.lang.Object, java.lang.Object, java.lang.Object)'> (0x00000000d59f9648) 
thrown [s\src\hotspot\share\interpreter\linkResolver.cpp, line 773]
Event: 1.354 Thread 0x000001da3a289870 Exception <a 'java/lang/NoSuchMethodError'{0x00000000d5a12598}: 'java.lang.Object java.lang.invoke.DirectMethodHandle$Holder.invokeStatic(java.lang.Object, java.lang.Object, int)'> (0x00000000d5a12598) 
thrown [s\src\hotspot\share\interpreter\linkResolver.cpp, line 773]
Event: 1.355 Thread 0x000001da3a289870 Exception <a 'java/lang/NoSuchMethodError'{0x00000000d5a16ee8}: 'void java.lang.invoke.DirectMethodHandle$Holder.invokeStatic(java.lang.Object, java.lang.Object, int, java.lang.Object)'> (0x00000000d5a16ee8) 
thrown [s\src\hotspot\share\interpreter\linkResolver.cpp, line 773]
Event: 1.355 Thread 0x000001da3a289870 Exception <a 'java/lang/NoSuchMethodError'{0x00000000d5a1aa78}: 'void java.lang.invoke.DirectMethodHandle$Holder.invokeSpecial(java.lang.Object, java.lang.Object, java.lang.Object, int, java.lang.Object)'> (0x00000000d5a1aa78) 
thrown [s\src\hotspot\share\interpreter\linkResolver.cpp, line 773]
Event: 1.357 Thread 0x000001da3a289870 Exception <a 'java/lang/NoSuchMethodError'{0x00000000d5a1dee8}: 'void java.lang.invoke.DelegatingMethodHandle$Holder.delegate(java.lang.Object, java.lang.Object, int, java.lang.Object)'> (0x00000000d5a1dee8) 
thrown [s\src\hotspot\share\interpreter\linkResolver.cpp, line 773]
Event: 2.073 Thread 0x000001da3a289870 Exception <a 'java/lang/NoSuchMethodError'{0x00000000d5bdd0f0}: 'void java.lang.invoke.DelegatingMethodHandle$Holder.reinvoke_L(java.lang.Object, java.lang.Object, java.lang.Object, int)'> (0x00000000d5bdd0f0) 
thrown [s\src\hotspot\share\interpreter\linkResolver.cpp, line 773]

ZGC Phase Switch (0 events):
No events

VM Operations (6 events):
Event: 0.772 Executing non-safepoint VM operation: HandshakeAllThreads (Deoptimize)
Event: 0.772 Executing non-safepoint VM operation: HandshakeAllThreads (Deoptimize) done
Event: 1.300 Executing non-safepoint VM operation: HandshakeAllThreads (Deoptimize)
Event: 1.300 Executing non-safepoint VM operation: HandshakeAllThreads (Deoptimize) done
Event: 1.300 Executing safepoint VM operation: Cleanup
Event: 1.300 Executing safepoint VM operation: Cleanup done

Memory protections (0 events):
No events

Nmethod flushes (0 events):
No events

Events (10 events):
Event: 0.055 Thread 0x000001da3a289870 Thread added: 0x000001da3a289870
Event: 0.301 Thread 0x000001da3a289870 Thread added: 0x000001da57bdf970
Event: 0.301 Thread 0x000001da3a289870 Thread added: 0x000001da52f1d280
Event: 0.302 Thread 0x000001da3a289870 Thread added: 0x000001da52f20dd0
Event: 0.302 Thread 0x000001da3a289870 Thread added: 0x000001da52f21830
Event: 0.302 Thread 0x000001da3a289870 Thread added: 0x000001da52f22290
Event: 0.302 Thread 0x000001da3a289870 Thread added: 0x000001da52f2d560
Event: 0.302 Thread 0x000001da3a289870 Thread added: 0x000001da52f2e2f0
Event: 0.316 Thread 0x000001da3a289870 Thread added: 0x000001da57c3fed0
Event: 0.892 Thread 0x000001da3a289870 Thread added: 0x000001da57eb06f0


Dynamic libraries:
0x00007ff727360000 - 0x00007ff72736e000 	c:\Users\Asus\.vscode\extensions\redhat.java-1.53.0-win32-x64\jre\21.0.10-win32-x86_64\bin\java.exe
0x00007ffdc6080000 - 0x00007ffdc62e8000 	C:\WINDOWS\SYSTEM32\ntdll.dll
0x00007ffdc58b0000 - 0x00007ffdc5979000 	C:\WINDOWS\System32\KERNEL32.DLL
0x00007ffdc3310000 - 0x00007ffdc3708000 	C:\WINDOWS\System32\KERNELBASE.dll
0x00007ffdc3b20000 - 0x00007ffdc3c6b000 	C:\WINDOWS\System32\ucrtbase.dll
0x00007ffdbfd70000 - 0x00007ffdbfd88000 	c:\Users\Asus\.vscode\extensions\redhat.java-1.53.0-win32-x64\jre\21.0.10-win32-x86_64\bin\jli.dll
0x00007ffdc54e0000 - 0x00007ffdc56a7000 	C:\WINDOWS\System32\USER32.dll
0x00007ffdc3c70000 - 0x00007ffdc3c97000 	C:\WINDOWS\System32\win32u.dll
0x00007ffdc5aa0000 - 0x00007ffdc5acb000 	C:\WINDOWS\System32\GDI32.dll
0x00007ffdc3940000 - 0x00007ffdc3a6c000 	C:\WINDOWS\System32\gdi32full.dll
0x00007ffdc3a70000 - 0x00007ffdc3b13000 	C:\WINDOWS\System32\msvcp_win.dll
0x00007ffdbb230000 - 0x00007ffdbb24e000 	c:\Users\Asus\.vscode\extensions\redhat.java-1.53.0-win32-x64\jre\21.0.10-win32-x86_64\bin\VCRUNTIME140.dll
0x00007ffdab870000 - 0x00007ffdabb04000 	C:\WINDOWS\WinSxS\amd64_microsoft.windows.common-controls_6595b64144ccf1df_6.0.26100.7019_none_3e06ffa0e335b8a8\COMCTL32.dll
0x00007ffdc42b0000 - 0x00007ffdc4359000 	C:\WINDOWS\System32\msvcrt.dll
0x00007ffdc6000000 - 0x00007ffdc6031000 	C:\WINDOWS\System32\IMM32.DLL
0x00007ffdbfcd0000 - 0x00007ffdbfcdc000 	c:\Users\Asus\.vscode\extensions\redhat.java-1.53.0-win32-x64\jre\21.0.10-win32-x86_64\bin\vcruntime140_1.dll
0x00007ffd87350000 - 0x00007ffd873dd000 	c:\Users\Asus\.vscode\extensions\redhat.java-1.53.0-win32-x64\jre\21.0.10-win32-x86_64\bin\msvcp140.dll
0x00007ffd48bd0000 - 0x00007ffd49971000 	c:\Users\Asus\.vscode\extensions\redhat.java-1.53.0-win32-x64\jre\21.0.10-win32-x86_64\bin\server\jvm.dll
0x00007ffdc4da0000 - 0x00007ffdc4e54000 	C:\WINDOWS\System32\ADVAPI32.dll
0x00007ffdc4f50000 - 0x00007ffdc4ff6000 	C:\WINDOWS\System32\sechost.dll
0x00007ffdc5c70000 - 0x00007ffdc5d88000 	C:\WINDOWS\System32\RPCRT4.dll
0x00007ffdc5990000 - 0x00007ffdc5a04000 	C:\WINDOWS\System32\WS2_32.dll
0x00007ffdc3030000 - 0x00007ffdc308e000 	C:\WINDOWS\SYSTEM32\POWRPROF.dll
0x00007ffdb8490000 - 0x00007ffdb84c5000 	C:\WINDOWS\SYSTEM32\WINMM.dll
0x00007ffdacce0000 - 0x00007ffdacceb000 	C:\WINDOWS\SYSTEM32\VERSION.dll
0x00007ffdc3010000 - 0x00007ffdc3024000 	C:\WINDOWS\SYSTEM32\UMPDC.dll
0x00007ffdc1f90000 - 0x00007ffdc1fab000 	C:\WINDOWS\SYSTEM32\kernel.appcore.dll
0x00007ffdb1640000 - 0x00007ffdb164a000 	c:\Users\Asus\.vscode\extensions\redhat.java-1.53.0-win32-x64\jre\21.0.10-win32-x86_64\bin\jimage.dll
0x00007ffdc0920000 - 0x00007ffdc0b62000 	C:\WINDOWS\SYSTEM32\DBGHELP.DLL
0x00007ffdc5150000 - 0x00007ffdc54db000 	C:\WINDOWS\System32\combase.dll
0x00007ffdc57b0000 - 0x00007ffdc5887000 	C:\WINDOWS\System32\OLEAUT32.dll
0x00007ffda3920000 - 0x00007ffda395c000 	C:\WINDOWS\SYSTEM32\dbgcore.DLL
0x00007ffdc31d0000 - 0x00007ffdc3275000 	C:\WINDOWS\System32\bcryptPrimitives.dll
0x00007ffdb08b0000 - 0x00007ffdb08bf000 	c:\Users\Asus\.vscode\extensions\redhat.java-1.53.0-win32-x64\jre\21.0.10-win32-x86_64\bin\instrument.dll
0x00007ffdabbf0000 - 0x00007ffdabc10000 	c:\Users\Asus\.vscode\extensions\redhat.java-1.53.0-win32-x64\jre\21.0.10-win32-x86_64\bin\java.dll
0x00007ffdaa8a0000 - 0x00007ffdaa8b8000 	c:\Users\Asus\.vscode\extensions\redhat.java-1.53.0-win32-x64\jre\21.0.10-win32-x86_64\bin\zip.dll
0x00007ffdc4640000 - 0x00007ffdc4d91000 	C:\WINDOWS\System32\SHELL32.dll
0x00007ffdc3710000 - 0x00007ffdc387b000 	C:\WINDOWS\System32\wintypes.dll
0x00007ffdc0dd0000 - 0x00007ffdc162d000 	C:\WINDOWS\SYSTEM32\windows.storage.dll
0x00007ffdc5000000 - 0x00007ffdc50f2000 	C:\WINDOWS\System32\SHCORE.dll
0x00007ffdc5f90000 - 0x00007ffdc5ff7000 	C:\WINDOWS\System32\shlwapi.dll
0x00007ffdc30f0000 - 0x00007ffdc3119000 	C:\WINDOWS\SYSTEM32\profapi.dll
0x00007ffdb0240000 - 0x00007ffdb0250000 	C:\Users\Asus\.vscode\extensions\redhat.java-1.53.0-win32-x64\jre\21.0.10-win32-x86_64\bin\net.dll
0x00007ffdb13b0000 - 0x00007ffdb14d8000 	C:\WINDOWS\SYSTEM32\WINHTTP.dll
0x00007ffdc2500000 - 0x00007ffdc256b000 	C:\WINDOWS\system32\mswsock.dll
0x00007ffda8ff0000 - 0x00007ffda9006000 	C:\Users\Asus\.vscode\extensions\redhat.java-1.53.0-win32-x64\jre\21.0.10-win32-x86_64\bin\nio.dll
0x00007ffdb0180000 - 0x00007ffdb0190000 	c:\Users\Asus\.vscode\extensions\redhat.java-1.53.0-win32-x64\jre\21.0.10-win32-x86_64\bin\verify.dll

JVMTI agents:
c:\Users\Asus\.vscode\extensions\redhat.java-1.53.0-win32-x64\lombok\lombok-1.18.39-4050.jar path:c:\Users\Asus\.vscode\extensions\redhat.java-1.53.0-win32-x64\jre\21.0.10-win32-x86_64\bin\instrument.dll, loaded, initialized, instrumentlib options:none

dbghelp: loaded successfully - version: 4.0.5 - missing functions: none
symbol engine: initialized successfully - sym options: 0x614 - pdb path: .;c:\Users\Asus\.vscode\extensions\redhat.java-1.53.0-win32-x64\jre\21.0.10-win32-x86_64\bin;C:\WINDOWS\SYSTEM32;C:\WINDOWS\WinSxS\amd64_microsoft.windows.common-controls_6595b64144ccf1df_6.0.26100.7019_none_3e06ffa0e335b8a8;c:\Users\Asus\.vscode\extensions\redhat.java-1.53.0-win32-x64\jre\21.0.10-win32-x86_64\bin\server

VM Arguments:
jvm_args: --add-modules=ALL-SYSTEM --add-opens=java.base/java.util=ALL-UNNAMED --add-opens=java.base/java.lang=ALL-UNNAMED --add-opens=java.base/sun.nio.fs=ALL-UNNAMED -Declipse.application=org.eclipse.jdt.ls.core.id1 -Dosgi.bundles.defaultStartLevel=4 -Declipse.product=org.eclipse.jdt.ls.core.product -Djava.import.generatesMetadataFilesAtProjectRoot=false -DDetectVMInstallationsJob.disabled=true -Dfile.encoding=utf8 -XX:+UseParallelGC -XX:GCTimeRatio=4 -XX:AdaptiveSizePolicyWeight=90 -Dsun.zip.disableMemoryMapping=true -Xmx2G -Xms100m -Xlog:disable -javaagent:c:\Users\Asus\.vscode\extensions\redhat.java-1.53.0-win32-x64\lombok\lombok-1.18.39-4050.jar -XX:+HeapDumpOnOutOfMemoryError -XX:HeapDumpPath=c:\Users\Asus\AppData\Roaming\Code\User\workspaceStorage\63c021b6368e97f41da5c09954acc518\redhat.java -Daether.dependencyCollector.impl=bf 
java_command: c:\Users\Asus\.vscode\extensions\redhat.java-1.53.0-win32-x64\server\plugins\org.eclipse.equinox.launcher_1.7.100.v20251111-0406.jar -configuration c:\Users\Asus\AppData\Roaming\Code\User\globalStorage\redhat.java\1.53.0\config_win -data c:\Users\Asus\AppData\Roaming\Code\User\workspaceStorage\63c021b6368e97f41da5c09954acc518\redhat.java\jdt_ws --pipe=\\.\pipe\lsp-687432833ccd4148ed1bd9fe71a14b2b-sock
java_class_path (initial): c:\Users\Asus\.vscode\extensions\redhat.java-1.53.0-win32-x64\server\plugins\org.eclipse.equinox.launcher_1.7.100.v20251111-0406.jar
Launcher Type: SUN_STANDARD

[Global flags]
    uintx AdaptiveSizePolicyWeight                 = 90                                        {product} {command line}
     intx CICompilerCount                          = 3                                         {product} {ergonomic}
    uintx GCTimeRatio                              = 4                                         {product} {command line}
     bool HeapDumpOnOutOfMemoryError               = true                                   {manageable} {command line}
    ccstr HeapDumpPath                             = c:\Users\Asus\AppData\Roaming\Code\User\workspaceStorage\63c021b6368e97f41da5c09954acc518\redhat.java         {manageable} {command line}
   size_t InitialHeapSize                          = 104857600                                 {product} {command line}
   size_t MaxHeapSize                              = 2147483648                                {product} {command line}
   size_t MaxNewSize                               = 715653120                                 {product} {ergonomic}
   size_t MinHeapDeltaBytes                        = 524288                                    {product} {ergonomic}
   size_t MinHeapSize                              = 104857600                                 {product} {command line}
   size_t NewSize                                  = 34603008                                  {product} {ergonomic}
    uintx NonNMethodCodeHeapSize                   = 5832780                                {pd product} {ergonomic}
    uintx NonProfiledCodeHeapSize                  = 122912730                              {pd product} {ergonomic}
   size_t OldSize                                  = 70254592                                  {product} {ergonomic}
    uintx ProfiledCodeHeapSize                     = 122912730                              {pd product} {ergonomic}
    uintx ReservedCodeCacheSize                    = 251658240                              {pd product} {ergonomic}
     bool SegmentedCodeCache                       = true                                      {product} {ergonomic}
   size_t SoftMaxHeapSize                          = 2147483648                             {manageable} {ergonomic}
     bool UseCompressedOops                        = true                           {product lp64_product} {ergonomic}
     bool UseLargePagesIndividualAllocation        = false                                  {pd product} {ergonomic}
     bool UseParallelGC                            = true                                      {product} {command line}

Logging:
Log output configuration:
 #0: stdout all=off uptime,level,tags foldmultilines=false
 #1: stderr all=off uptime,level,tags foldmultilines=false

Release file:
<release file has not been read>
Environment Variables:
JAVA_HOME=C:\Program Files\Eclipse Adoptium\jdk-17.0.18.8-hotspot\
PATH=D:\Microsoft VS Code;C:\Program Files\Eclipse Adoptium\jdk-17.0.18.8-hotspot\bin;C:\Users\Asus\AppData\Local\Microsoft\WindowsApps;C:\Program Files (x86)\Common Files\Oracle\Java\javapath;C:\WINDOWS\system32;C:\WINDOWS;C:\WINDOWS\System32\Wbem;C:\WINDOWS\System32\WindowsPowerShell\v1.0\;C:\WINDOWS\System32\OpenSSH\;C:\Program Files\PuTTY\;C:\Program Files\Docker\Docker\resources\bin;C:\Program Files\nodejs\;C:\php;C:\Users\Asus\Downloads\php;C:\xampp\mysql\bin;C:\Program Files\Git\cmd;C:\Users\Asus\miniconda3;C:\Users\Asus\miniconda3\Library\mingw-w64\bin;C:\Users\Asus\miniconda3\Library\usr\bin;C:\Users\Asus\miniconda3\Library\bin;C:\Users\Asus\miniconda3\Scripts;C:\Users\Asus\AppData\Local\Microsoft\WindowsApps;C:\msys64\ucrt64\bin;C:\msys64\ucrt64\bin;C:\Users\Asus\AppData\Local\Programs\Python\Launcher\;C:\Users\Asus\AppData\Local\Microsoft\WindowsApps;C:\Users\Asus\AppData\Roaming\npm;D:\Microsoft VS Code\bin
USERNAME=Asus
OS=Windows_NT
PROCESSOR_IDENTIFIER=Intel64 Family 6 Model 140 Stepping 1, GenuineIntel
TMP=C:\Users\Asus\AppData\Local\Temp
TEMP=C:\Users\Asus\AppData\Local\Temp




Periodic native trim disabled

---------------  S Y S T E M  ---------------

OS:
 Windows 11 , 64 bit Build 26100 (10.0.26100.7019)
OS uptime: 0 days 3:54 hours
Hyper-V role detected

CPU: total 4 (initial active 4) (2 cores per cpu, 2 threads per core) family 6 model 140 stepping 1 microcode 0xa4, cx8, cmov, fxsr, ht, mmx, 3dnowpref, sse, sse2, sse3, ssse3, sse4.1, sse4.2, popcnt, lzcnt, tsc, tscinvbit, avx, avx2, aes, erms, clmul, bmi1, bmi2, adx, avx512f, avx512dq, avx512cd, avx512bw, avx512vl, sha, fma, vzeroupper, avx512_vpopcntdq, avx512_vpclmulqdq, avx512_vaes, avx512_vnni, clflush, clflushopt, clwb, avx512_vbmi2, avx512_vbmi, hv, rdtscp, rdpid, fsrm, gfni, avx512_bitalg, f16c, cet_ibt, cet_ss, avx512_ifma
Processor Information for the first 4 processors :
  Max Mhz: 2995, Current Mhz: 2995, Mhz Limit: 2995

Memory: 4k page, system-wide physical 7886M (317M free)
TotalPageFile size 15542M (AvailPageFile size 0M)
current process WorkingSet (physical memory assigned to process): 44M, peak: 44M
current process commit charge ("private bytes"): 207M, peak: 208M

vm_info: OpenJDK 64-Bit Server VM (21.0.10+7-LTS) for windows-amd64 JRE (21.0.10+7-LTS), built on 2026-01-20T00:00:00Z by "admin" with MS VC++ 17.12 (VS2022)

END.
